###############################################################
#  Generated by:      Cadence Innovus 21.13-s100_1
#  OS:                Linux x86_64(Host ID ic51)
#  Generated on:      Fri Sep 29 16:41:48 2023
#  Design:            top
#  Command:           report_timing > timing.rpt
###############################################################
Path 1: MET Setup Check with Pin randomize/data_out_reg_51_/CK 
Endpoint:   randomize/data_out_reg_51_/D (^) checked with  leading edge of 'CLK'
Beginpoint: sequencer/round_reg_1_/Q     (^) triggered by  leading edge of 'CLK'
Path Groups: {CLK}
Analysis View: generic_view
Other End Arrival Time          0.000
- Setup                         0.087
+ Phase Shift                  10.000
= Required Time                 9.913
- Arrival Time                  9.429
= Slack Time                    0.484
     Clock Rise Edge                 0.000
     + Clock Network Latency (Ideal) 0.000
     = Beginpoint Arrival Time       0.000
     +--------------------------------------------------------------------------------------+ 
     |           Instance           |     Arc      |   Cell    | Delay | Arrival | Required | 
     |                              |              |           |       |  Time   |   Time   | 
     |------------------------------+--------------+-----------+-------+---------+----------| 
     | sequencer/round_reg_1_       | CK ^         |           |       |   0.000 |    0.484 | 
     | sequencer/round_reg_1_       | CK ^ -> Q ^  | DFF_X1    | 0.566 |   0.566 |    1.050 | 
     | randomize/U14                | A ^ -> ZN v  | INV_X1    | 0.236 |   0.802 |    1.286 | 
     | randomize/U38                | A2 v -> ZN ^ | NAND2_X1  | 0.132 |   0.934 |    1.418 | 
     | randomize/U35                | A1 ^ -> ZN v | NOR2_X1   | 0.034 |   0.968 |    1.452 | 
     | randomize/U13                | A1 v -> ZN ^ | NOR2_X1   | 0.120 |   1.088 |    1.572 | 
     | randomize/U51                | A ^ -> ZN v  | OAI21_X1  | 0.077 |   1.165 |    1.649 | 
     | randomize/U41                | C2 v -> ZN ^ | AOI211_X1 | 0.265 |   1.430 |    1.914 | 
     | randomize/U60                | B1 ^ -> ZN v | AOI22_X1  | 0.115 |   1.545 |    2.029 | 
     | randomize/U42                | B1 v -> ZN ^ | OAI21_X1  | 0.257 |   1.802 |    2.286 | 
     | FE_PDC64_randomize_n47       | A ^ -> Z ^   | BUF_X4    | 0.390 |   2.192 |    2.676 | 
     | FE_PDC63_randomize_n47       | A ^ -> Z ^   | BUF_X4    | 0.438 |   2.630 |    3.113 | 
     | randomize/U418               | A2 ^ -> ZN v | AOI22_X1  | 0.226 |   2.855 |    3.339 | 
     | randomize/U419               | A v -> ZN ^  | INV_X1    | 0.109 |   2.964 |    3.448 | 
     | randomize/U420               | B1 ^ -> ZN v | AOI22_X1  | 0.061 |   3.025 |    3.509 | 
     | randomize/U421               | A1 v -> ZN ^ | NAND2_X1  | 0.092 |   3.116 |    3.600 | 
     | randomize/f_func/U16         | A ^ -> Z ^   | XOR2_X1   | 1.092 |   4.208 |    4.692 | 
     | randomize/f_func/sbox1a/U3   | A1 ^ -> ZN v | NOR2_X1   | 0.135 |   4.344 |    4.828 | 
     | randomize/f_func/sbox1a/U34  | A1 v -> ZN ^ | NAND2_X1  | 0.197 |   4.541 |    5.025 | 
     | randomize/f_func/sbox1a/U41  | A ^ -> ZN v  | INV_X1    | 0.112 |   4.653 |    5.137 | 
     | randomize/f_func/sbox1a/U158 | A1 v -> ZN ^ | NAND2_X1  | 0.117 |   4.770 |    5.254 | 
     | randomize/f_func/sbox1a/U159 | A2 ^ -> ZN v | NAND2_X1  | 0.068 |   4.838 |    5.322 | 
     | randomize/f_func/sbox1a/U160 | A3 v -> ZN ^ | NOR3_X1   | 0.355 |   5.193 |    5.677 | 
     | randomize/f_func/sbox1a/U274 | A1 ^ -> ZN v | NAND4_X1  | 0.785 |   5.978 |    6.462 | 
     | randomize/f_func/sbox1a/U325 | A3 v -> ZN ^ | NOR4_X1   | 0.459 |   6.437 |    6.921 | 
     | randomize/f_func/sbox1a/U326 | A3 ^ -> ZN v | NAND3_X1  | 0.658 |   7.095 |    7.579 | 
     | randomize/f_func/sbox1a/U327 | B2 v -> ZN ^ | AOI22_X1  | 0.316 |   7.411 |    7.894 | 
     | randomize/f_func/sbox1a/U333 | A ^ -> ZN v  | OAI211_X1 | 0.157 |   7.568 |    8.051 | 
     | randomize/f_func/p_func/U37  | B v -> ZN ^  | XNOR2_X1  | 1.145 |   8.713 |    9.196 | 
     | randomize/U616               | B ^ -> Z ^   | XOR2_X1   | 0.495 |   9.208 |    9.692 | 
     | randomize/U617               | B2 ^ -> ZN v | AOI22_X1  | 0.115 |   9.322 |    9.806 | 
     | randomize/U622               | A1 v -> ZN ^ | NAND4_X1  | 0.107 |   9.429 |    9.913 | 
     | randomize/data_out_reg_51_   | D ^          | DFF_X1    | 0.000 |   9.429 |    9.913 | 
     +--------------------------------------------------------------------------------------+ 

