###############################################################
#  Generated by:      Cadence Innovus 21.13-s100_1
#  OS:                Linux x86_64(Host ID ic51)
#  Generated on:      Fri Sep 29 16:51:43 2023
#  Design:            top
#  Command:           report_timing > timing.rpt
###############################################################
Path 1: MET Setup Check with Pin randomize/data_out_reg_48_/CK 
Endpoint:   randomize/data_out_reg_48_/D (^) checked with  leading edge of 'CLK'
Beginpoint: sequencer/round_reg_1_/Q     (^) triggered by  leading edge of 'CLK'
Path Groups: {CLK}
Analysis View: generic_view
Other End Arrival Time          0.000
- Setup                         0.088
+ Phase Shift                  10.000
= Required Time                 9.912
- Arrival Time                  9.281
= Slack Time                    0.632
     Clock Rise Edge                 0.000
     + Clock Network Latency (Ideal) 0.000
     = Beginpoint Arrival Time       0.000
     +--------------------------------------------------------------------------------------+ 
     |           Instance           |     Arc      |   Cell    | Delay | Arrival | Required | 
     |                              |              |           |       |  Time   |   Time   | 
     |------------------------------+--------------+-----------+-------+---------+----------| 
     | sequencer/round_reg_1_       | CK ^         |           |       |   0.000 |    0.632 | 
     | sequencer/round_reg_1_       | CK ^ -> Q ^  | DFF_X1    | 0.558 |   0.558 |    1.190 | 
     | randomize/U14                | A ^ -> ZN v  | INV_X1    | 0.234 |   0.792 |    1.424 | 
     | randomize/U38                | A2 v -> ZN ^ | NAND2_X1  | 0.133 |   0.925 |    1.557 | 
     | randomize/U35                | A1 ^ -> ZN v | NOR2_X1   | 0.034 |   0.959 |    1.591 | 
     | randomize/U13                | A1 v -> ZN ^ | NOR2_X1   | 0.121 |   1.081 |    1.712 | 
     | randomize/U51                | A ^ -> ZN v  | OAI21_X1  | 0.077 |   1.158 |    1.790 | 
     | randomize/U41                | C2 v -> ZN ^ | AOI211_X1 | 0.280 |   1.438 |    2.070 | 
     | randomize/U60                | B1 ^ -> ZN v | AOI22_X1  | 0.112 |   1.550 |    2.182 | 
     | randomize/U42                | B1 v -> ZN ^ | OAI21_X1  | 0.468 |   2.019 |    2.650 | 
     | FE_PDC59_randomize_n47       | A ^ -> Z ^   | CLKBUF_X3 | 0.555 |   2.574 |    3.205 | 
     | randomize/U5                 | A ^ -> ZN v  | INV_X8    | 0.279 |   2.852 |    3.484 | 
     | randomize/U135               | B2 v -> ZN ^ | AOI22_X1  | 0.456 |   3.308 |    3.940 | 
     | randomize/U136               | A ^ -> ZN v  | INV_X1    | 0.071 |   3.380 |    4.011 | 
     | randomize/U137               | B1 v -> ZN ^ | AOI22_X1  | 0.277 |   3.657 |    4.289 | 
     | randomize/U138               | A1 ^ -> ZN v | NAND2_X1  | 0.076 |   3.733 |    4.364 | 
     | randomize/f_func/U12         | A v -> Z ^   | XOR2_X1   | 0.693 |   4.425 |    5.057 | 
     | randomize/f_func/sbox4b/U33  | A1 ^ -> ZN v | NOR2_X1   | 0.069 |   4.495 |    5.127 | 
     | randomize/f_func/sbox4b/U32  | A v -> ZN ^  | INV_X1    | 0.127 |   4.622 |    5.253 | 
     | randomize/f_func/sbox4b/U34  | A2 ^ -> ZN v | NOR2_X1   | 0.070 |   4.691 |    5.323 | 
     | randomize/f_func/sbox4b/U66  | A v -> ZN ^  | INV_X1    | 0.220 |   4.911 |    5.543 | 
     | randomize/f_func/sbox4b/U103 | A2 ^ -> ZN v | NOR2_X2   | 0.098 |   5.009 |    5.640 | 
     | randomize/f_func/sbox4b/U104 | A4 v -> ZN ^ | NOR4_X1   | 0.436 |   5.444 |    6.076 | 
     | randomize/f_func/sbox4b/U105 | A2 ^ -> ZN v | NAND2_X1  | 0.132 |   5.576 |    6.208 | 
     | randomize/f_func/sbox4b/U114 | A3 v -> ZN ^ | NOR4_X2   | 0.537 |   6.114 |    6.745 | 
     | randomize/f_func/sbox4b/U311 | A1 ^ -> ZN v | NAND3_X1  | 0.133 |   6.247 |    6.878 | 
     | randomize/f_func/sbox4b/U312 | A4 v -> ZN ^ | NOR4_X2   | 0.639 |   6.886 |    7.517 | 
     | randomize/f_func/sbox4b/U386 | A2 ^ -> ZN v | NAND4_X1  | 0.171 |   7.057 |    7.688 | 
     | randomize/f_func/sbox4b/U387 | B2 v -> ZN ^ | AOI22_X1  | 0.206 |   7.263 |    7.894 | 
     | randomize/f_func/sbox4b/U394 | A ^ -> ZN v  | OAI211_X1 | 0.234 |   7.496 |    8.128 | 
     | randomize/f_func/p_func/U82  | A v -> Z ^   | XOR2_X1   | 0.311 |   7.808 |    8.439 | 
     | randomize/f_func/p_func/U85  | B ^ -> Z ^   | XOR2_X1   | 0.292 |   8.099 |    8.731 | 
     | randomize/f_func/p_func/U87  | B ^ -> ZN v  | XNOR2_X1  | 0.093 |   8.193 |    8.824 | 
     | randomize/f_func/p_func/U88  | A v -> ZN ^  | XNOR2_X1  | 0.552 |   8.744 |    9.376 | 
     | randomize/U595               | B ^ -> Z ^   | XOR2_X1   | 0.324 |   9.068 |    9.700 | 
     | randomize/U596               | B2 ^ -> ZN v | AOI22_X1  | 0.107 |   9.175 |    9.806 | 
     | randomize/U601               | A1 v -> ZN ^ | NAND4_X1  | 0.106 |   9.281 |    9.912 | 
     | randomize/data_out_reg_48_   | D ^          | DFF_X1    | 0.000 |   9.281 |    9.912 | 
     +--------------------------------------------------------------------------------------+ 

