###############################################################
#  Generated by:      Cadence Innovus 21.13-s100_1
#  OS:                Linux x86_64(Host ID ic51)
#  Generated on:      Fri Sep 29 17:03:13 2023
#  Design:            top
#  Command:           report_timing > timing.rpt
###############################################################
Path 1: MET Setup Check with Pin key_scheduler/ka_reg_116_/CK 
Endpoint:   key_scheduler/ka_reg_116_/D (^) checked with  leading edge of 'CLK'
Beginpoint: sequencer/round_reg_1_/Q    (^) triggered by  leading edge of 'CLK'
Path Groups: {CLK}
Analysis View: generic_view
Other End Arrival Time          0.000
- Setup                         0.085
+ Phase Shift                  10.000
= Required Time                 9.915
- Arrival Time                  9.425
= Slack Time                    0.490
     Clock Rise Edge                 0.000
     + Clock Network Latency (Ideal) 0.000
     = Beginpoint Arrival Time       0.000
     +-----------------------------------------------------------------------------------------------+ 
     |               Instance                |     Arc      |   Cell    | Delay | Arrival | Required | 
     |                                       |              |           |       |  Time   |   Time   | 
     |---------------------------------------+--------------+-----------+-------+---------+----------| 
     | sequencer/round_reg_1_                | CK ^         |           |       |   0.000 |    0.490 | 
     | sequencer/round_reg_1_                | CK ^ -> Q ^  | DFF_X1    | 0.563 |   0.563 |    1.054 | 
     | randomize/U14                         | A ^ -> ZN v  | INV_X1    | 0.219 |   0.782 |    1.272 | 
     | randomize/U38                         | A2 v -> ZN ^ | NAND2_X1  | 0.129 |   0.911 |    1.401 | 
     | randomize/U35                         | A1 ^ -> ZN v | NOR2_X1   | 0.034 |   0.945 |    1.435 | 
     | randomize/U13                         | A1 v -> ZN ^ | NOR2_X1   | 0.120 |   1.065 |    1.556 | 
     | randomize/U54                         | A ^ -> ZN v  | INV_X1    | 0.036 |   1.102 |    1.592 | 
     | randomize/U40                         | B v -> ZN ^  | AOI211_X1 | 0.265 |   1.366 |    1.857 | 
     | randomize/U41                         | B ^ -> ZN v  | AOI211_X1 | 0.088 |   1.454 |    1.944 | 
     | randomize/U62                         | A1 v -> ZN ^ | NOR2_X1   | 0.119 |   1.574 |    2.064 | 
     | randomize/U63                         | B2 ^ -> ZN v | OAI21_X1  | 0.058 |   1.632 |    2.122 | 
     | randomize/U42                         | A v -> ZN ^  | OAI21_X1  | 0.096 |   1.727 |    2.217 | 
     | FE_PDC72_randomize_n47                | A ^ -> Z ^   | CLKBUF_X2 | 0.493 |   2.220 |    2.710 | 
     | FE_PDC70_randomize_n47                | A ^ -> Z ^   | CLKBUF_X2 | 0.437 |   2.657 |    3.147 | 
     | randomize/U5                          | A ^ -> ZN v  | INV_X8    | 0.203 |   2.860 |    3.350 | 
     | randomize/U154                        | B2 v -> ZN ^ | AOI22_X1  | 0.383 |   3.243 |    3.733 | 
     | randomize/U155                        | A ^ -> ZN v  | INV_X1    | 0.063 |   3.306 |    3.796 | 
     | randomize/U156                        | B1 v -> ZN ^ | AOI22_X1  | 0.166 |   3.472 |    3.962 | 
     | randomize/U157                        | A1 ^ -> ZN v | NAND2_X1  | 0.070 |   3.542 |    4.032 | 
     | randomize/f_func/U3                   | A v -> Z ^   | XOR2_X1   | 0.782 |   4.324 |    4.814 | 
     | randomize/f_func/sbox4b/U39           | A1 ^ -> ZN v | NOR2_X1   | 0.206 |   4.529 |    5.019 | 
     | randomize/f_func/sbox4b/U73           | A v -> ZN ^  | INV_X1    | 0.163 |   4.692 |    5.182 | 
     | randomize/f_func/sbox4b/U151          | A1 ^ -> ZN v | NOR2_X1   | 0.069 |   4.761 |    5.252 | 
     | randomize/f_func/sbox4b/U152          | A2 v -> ZN ^ | NOR2_X1   | 0.339 |   5.101 |    5.591 | 
     | randomize/f_func/sbox4b/U249          | A ^ -> ZN v  | INV_X1    | 0.089 |   5.189 |    5.680 | 
     | randomize/f_func/sbox4b/U285          | A2 v -> ZN ^ | NOR2_X1   | 0.119 |   5.309 |    5.799 | 
     | randomize/f_func/sbox4b/U286          | A1 ^ -> ZN v | NAND4_X1  | 0.080 |   5.389 |    5.879 | 
     | randomize/f_func/sbox4b/U287          | A4 v -> ZN ^ | NOR4_X1   | 0.452 |   5.841 |    6.332 | 
     | FE_PDC11_randomize_f_func_sbox4b_n372 | A ^ -> Z ^   | CLKBUF_X2 | 0.217 |   6.058 |    6.548 | 
     | randomize/f_func/sbox4b/U289          | A2 ^ -> ZN v | NAND4_X1  | 0.093 |   6.152 |    6.642 | 
     | randomize/f_func/sbox4b/U290          | A4 v -> ZN ^ | NOR4_X1   | 0.458 |   6.610 |    7.100 | 
     | FE_PDC78_randomize_f_func_sbox4b_n145 | A ^ -> ZN v  | INV_X2    | 0.047 |   6.657 |    7.147 | 
     | FE_PDC77_randomize_f_func_sbox4b_n145 | A v -> ZN ^  | INV_X2    | 0.112 |   6.769 |    7.259 | 
     | randomize/f_func/sbox4b/U291          | A3 ^ -> ZN v | NAND3_X1  | 0.079 |   6.848 |    7.338 | 
     | randomize/f_func/sbox4b/U302          | A2 v -> ZN ^ | AOI22_X1  | 0.173 |   7.021 |    7.511 | 
     | randomize/f_func/sbox4b/U308          | A ^ -> ZN v  | OAI211_X1 | 0.207 |   7.228 |    7.718 | 
     | randomize/f_func/p_func/U100          | A v -> ZN ^  | XNOR2_X1  | 0.290 |   7.518 |    8.009 | 
     | randomize/f_func/p_func/U103          | B ^ -> ZN ^  | XNOR2_X1  | 0.208 |   7.726 |    8.217 | 
     | randomize/f_func/p_func/U105          | B ^ -> ZN v  | XNOR2_X1  | 0.087 |   7.814 |    8.304 | 
     | randomize/f_func/p_func/U106          | A v -> ZN ^  | XNOR2_X1  | 0.953 |   8.767 |    9.257 | 
     | randomize/U623                        | B ^ -> Z ^   | XOR2_X1   | 0.374 |   9.141 |    9.631 | 
     | key_scheduler/U260                    | A2 ^ -> ZN v | AOI22_X1  | 0.077 |   9.219 |    9.709 | 
     | FE_PDC56_key_scheduler_n169           | A v -> Z v   | CLKBUF_X1 | 0.141 |   9.360 |    9.850 | 
     | key_scheduler/U261                    | A3 v -> ZN ^ | NAND3_X1  | 0.065 |   9.425 |    9.915 | 
     | key_scheduler/ka_reg_116_             | D ^          | DFF_X1    | 0.000 |   9.425 |    9.915 | 
     +-----------------------------------------------------------------------------------------------+ 

