###############################################################
#  Generated by:      Cadence Innovus 21.13-s100_1
#  OS:                Linux x86_64(Host ID ic51)
#  Generated on:      Fri Sep 29 17:09:25 2023
#  Design:            top
#  Command:           report_timing > timing.rpt
###############################################################
Path 1: MET Setup Check with Pin randomize/data_out_reg_50_/CK 
Endpoint:   randomize/data_out_reg_50_/D (^) checked with  leading edge of 'CLK'
Beginpoint: sequencer/round_reg_1_/Q     (^) triggered by  leading edge of 'CLK'
Path Groups: {CLK}
Analysis View: generic_view
Other End Arrival Time          0.000
- Setup                         0.087
+ Phase Shift                  20.000
= Required Time                19.913
- Arrival Time                  9.759
= Slack Time                   10.154
     Clock Rise Edge                 0.000
     + Clock Network Latency (Ideal) 0.000
     = Beginpoint Arrival Time       0.000
     +--------------------------------------------------------------------------------------+ 
     |           Instance           |     Arc      |   Cell    | Delay | Arrival | Required | 
     |                              |              |           |       |  Time   |   Time   | 
     |------------------------------+--------------+-----------+-------+---------+----------| 
     | sequencer/round_reg_1_       | CK ^         |           |       |   0.000 |   10.154 | 
     | sequencer/round_reg_1_       | CK ^ -> Q ^  | DFF_X1    | 0.556 |   0.556 |   10.710 | 
     | randomize/U14                | A ^ -> ZN v  | INV_X1    | 0.249 |   0.805 |   10.959 | 
     | randomize/U38                | A2 v -> ZN ^ | NAND2_X1  | 0.133 |   0.939 |   11.092 | 
     | randomize/U35                | A1 ^ -> ZN v | NOR2_X1   | 0.034 |   0.973 |   11.127 | 
     | randomize/U13                | A1 v -> ZN ^ | NOR2_X1   | 0.122 |   1.095 |   11.248 | 
     | randomize/U54                | A ^ -> ZN v  | INV_X1    | 0.036 |   1.131 |   11.285 | 
     | randomize/U40                | B v -> ZN ^  | AOI211_X1 | 0.268 |   1.399 |   11.553 | 
     | randomize/U41                | B ^ -> ZN v  | AOI211_X1 | 0.086 |   1.485 |   11.639 | 
     | randomize/U62                | A1 v -> ZN ^ | NOR2_X1   | 0.117 |   1.602 |   11.756 | 
     | randomize/U63                | B2 ^ -> ZN v | OAI21_X1  | 0.057 |   1.659 |   11.813 | 
     | randomize/U42                | A v -> ZN ^  | OAI21_X1  | 0.104 |   1.764 |   11.917 | 
     | FE_PDC93_randomize_n47       | A ^ -> Z ^   | CLKBUF_X2 | 0.331 |   2.095 |   12.249 | 
     | FE_PDC91_randomize_n47       | A ^ -> Z ^   | CLKBUF_X3 | 0.317 |   2.412 |   12.566 | 
     | randomize/U5                 | A ^ -> ZN v  | INV_X8    | 0.135 |   2.547 |   12.701 | 
     | randomize/U135               | B2 v -> ZN ^ | AOI22_X1  | 0.446 |   2.993 |   13.147 | 
     | randomize/U136               | A ^ -> ZN v  | INV_X1    | 0.071 |   3.064 |   13.218 | 
     | randomize/U137               | B1 v -> ZN ^ | AOI22_X1  | 0.381 |   3.446 |   13.600 | 
     | randomize/U138               | A1 ^ -> ZN v | NAND2_X1  | 0.076 |   3.522 |   13.676 | 
     | randomize/f_func/U12         | A v -> Z ^   | XOR2_X1   | 0.757 |   4.279 |   14.433 | 
     | randomize/f_func/sbox4b/U33  | A1 ^ -> ZN v | NOR2_X1   | 0.069 |   4.348 |   14.502 | 
     | randomize/f_func/sbox4b/U32  | A v -> ZN ^  | INV_X1    | 0.134 |   4.482 |   14.636 | 
     | randomize/f_func/sbox4b/U34  | A2 ^ -> ZN v | NOR2_X1   | 0.072 |   4.554 |   14.708 | 
     | randomize/f_func/sbox4b/U66  | A v -> ZN ^  | INV_X1    | 0.229 |   4.784 |   14.937 | 
     | randomize/f_func/sbox4b/U103 | A2 ^ -> ZN v | NOR2_X2   | 0.101 |   4.885 |   15.038 | 
     | randomize/f_func/sbox4b/U104 | A4 v -> ZN ^ | NOR4_X1   | 0.436 |   5.320 |   15.474 | 
     | randomize/f_func/sbox4b/U105 | A2 ^ -> ZN v | NAND2_X1  | 0.132 |   5.452 |   15.606 | 
     | randomize/f_func/sbox4b/U334 | A4 v -> ZN ^ | NOR4_X1   | 0.950 |   6.402 |   16.556 | 
     | randomize/f_func/sbox4b/U335 | A3 ^ -> ZN v | NAND4_X1  | 0.160 |   6.562 |   16.716 | 
     | randomize/f_func/sbox4b/U336 | A4 v -> ZN ^ | NOR4_X1   | 0.614 |   7.177 |   17.331 | 
     | randomize/f_func/sbox4b/U352 | C1 ^ -> ZN v | OAI211_X2 | 0.415 |   7.592 |   17.745 | 
     | randomize/f_func/p_func/U9   | B v -> Z ^   | XOR2_X1   | 0.289 |   7.881 |   18.035 | 
     | randomize/f_func/p_func/U21  | A ^ -> ZN v  | XNOR2_X1  | 0.105 |   7.986 |   18.140 | 
     | randomize/f_func/p_func/U25  | B v -> ZN ^  | XNOR2_X1  | 1.187 |   9.172 |   19.326 | 
     | randomize/U609               | B ^ -> Z ^   | XOR2_X1   | 0.368 |   9.541 |   19.694 | 
     | randomize/U610               | B2 ^ -> ZN v | AOI22_X1  | 0.110 |   9.651 |   19.805 | 
     | randomize/U615               | A1 v -> ZN ^ | NAND4_X1  | 0.109 |   9.759 |   19.913 | 
     | randomize/data_out_reg_50_   | D ^          | DFF_X1    | 0.000 |   9.759 |   19.913 | 
     +--------------------------------------------------------------------------------------+ 

