###############################################################
#  Generated by:      Cadence Innovus 21.13-s100_1
#  OS:                Linux x86_64(Host ID ic51)
#  Generated on:      Fri Sep 29 22:24:57 2023
#  Design:            top
#  Command:           report_timing > timing.rpt
###############################################################
Path 1: MET Setup Check with Pin randomize/data_out_reg_47_/CK 
Endpoint:   randomize/data_out_reg_47_/D (^) checked with  leading edge of 'CLK'
Beginpoint: sequencer/round_reg_1_/Q     (^) triggered by  leading edge of 'CLK'
Path Groups: {CLK}
Analysis View: generic_view
Other End Arrival Time          0.000
- Setup                         0.086
+ Phase Shift                   8.000
= Required Time                 7.914
- Arrival Time                  7.785
= Slack Time                    0.129
     Clock Rise Edge                 0.000
     + Clock Network Latency (Ideal) 0.000
     = Beginpoint Arrival Time       0.000
     +--------------------------------------------------------------------------------------+ 
     |           Instance           |     Arc      |   Cell    | Delay | Arrival | Required | 
     |                              |              |           |       |  Time   |   Time   | 
     |------------------------------+--------------+-----------+-------+---------+----------| 
     | sequencer/round_reg_1_       | CK ^         |           |       |   0.000 |    0.129 | 
     | sequencer/round_reg_1_       | CK ^ -> Q ^  | DFF_X2    | 0.533 |   0.533 |    0.662 | 
     | randomize/U14                | A ^ -> ZN v  | INV_X4    | 0.090 |   0.623 |    0.752 | 
     | randomize/U38                | A2 v -> ZN ^ | NAND2_X1  | 0.091 |   0.714 |    0.843 | 
     | randomize/U35                | A1 ^ -> ZN v | NOR2_X1   | 0.037 |   0.752 |    0.881 | 
     | randomize/U13                | A1 v -> ZN ^ | NOR2_X2   | 0.084 |   0.836 |    0.965 | 
     | randomize/U54                | A ^ -> ZN v  | INV_X1    | 0.031 |   0.867 |    0.996 | 
     | randomize/U40                | B v -> ZN ^  | AOI211_X1 | 0.261 |   1.128 |    1.257 | 
     | randomize/U41                | B ^ -> ZN v  | AOI211_X1 | 0.085 |   1.213 |    1.342 | 
     | randomize/U60                | B1 v -> ZN ^ | AOI22_X1  | 0.212 |   1.425 |    1.554 | 
     | randomize/U42                | B1 ^ -> ZN v | OAI21_X2  | 0.112 |   1.537 |    1.666 | 
     | FE_PDC68_randomize_n47       | A v -> Z v   | BUF_X4    | 0.194 |   1.731 |    1.860 | 
     | randomize/U5                 | A v -> ZN ^  | INV_X4    | 0.095 |   1.826 |    1.955 | 
     | FE_PDC75_randomize_n110      | A ^ -> Z ^   | BUF_X4    | 0.339 |   2.165 |    2.293 | 
     | FE_PDC74_randomize_n110      | A ^ -> Z ^   | BUF_X4    | 0.426 |   2.591 |    2.720 | 
     | randomize/U107               | B2 ^ -> ZN v | AOI22_X1  | 0.179 |   2.770 |    2.899 | 
     | randomize/U108               | A v -> ZN ^  | INV_X1    | 0.126 |   2.896 |    3.025 | 
     | randomize/U112               | A2 ^ -> ZN v | AOI22_X2  | 0.076 |   2.972 |    3.101 | 
     | randomize/U113               | A v -> ZN ^  | OAI21_X2  | 0.148 |   3.120 |    3.249 | 
     | randomize/f_func/U11         | A ^ -> Z ^   | XOR2_X2   | 0.379 |   3.499 |    3.628 | 
     | randomize/f_func/sbox1b/U29  | A ^ -> ZN v  | INV_X1    | 0.109 |   3.608 |    3.737 | 
     | randomize/f_func/sbox1b/U30  | A2 v -> ZN ^ | NAND2_X1  | 0.174 |   3.781 |    3.910 | 
     | randomize/f_func/sbox1b/U111 | A2 ^ -> ZN v | NOR2_X2   | 0.082 |   3.863 |    3.992 | 
     | randomize/f_func/sbox1b/U112 | A3 v -> ZN ^ | NOR3_X1   | 0.362 |   4.225 |    4.353 | 
     | randomize/f_func/sbox1b/U152 | A ^ -> ZN v  | INV_X1    | 0.042 |   4.266 |    4.395 | 
     | randomize/f_func/sbox1b/U153 | A4 v -> ZN ^ | NOR4_X1   | 0.346 |   4.612 |    4.741 | 
     | randomize/f_func/sbox1b/U155 | A1 ^ -> ZN v | NAND3_X1  | 0.149 |   4.761 |    4.890 | 
     | randomize/f_func/sbox1b/U156 | A v -> ZN ^  | AOI21_X1  | 0.235 |   4.997 |    5.126 | 
     | randomize/f_func/sbox1b/U162 | A1 ^ -> ZN v | NAND4_X1  | 0.106 |   5.102 |    5.231 | 
     | randomize/f_func/sbox1b/U163 | A4 v -> ZN ^ | NOR4_X1   | 0.367 |   5.470 |    5.599 | 
     | randomize/f_func/sbox1b/U165 | B2 ^ -> ZN v | AOI21_X1  | 0.102 |   5.572 |    5.701 | 
     | randomize/f_func/sbox1b/U166 | A v -> ZN ^  | AOI221_X2 | 0.264 |   5.836 |    5.965 | 
     | randomize/f_func/sbox1b/U186 | A ^ -> ZN v  | OAI211_X1 | 0.241 |   6.077 |    6.206 | 
     | randomize/f_func/p_func/U77  | A v -> Z v   | XOR2_X1   | 0.269 |   6.346 |    6.475 | 
     | randomize/f_func/p_func/U152 | A v -> Z v   | XOR2_X1   | 0.241 |   6.588 |    6.717 | 
     | randomize/f_func/p_func/U165 | A v -> ZN v  | XNOR2_X1  | 0.151 |   6.739 |    6.868 | 
     | randomize/f_func/p_func/U166 | A v -> ZN ^  | XNOR2_X1  | 0.463 |   7.202 |    7.330 | 
     | randomize/U588               | B ^ -> Z ^   | XOR2_X1   | 0.363 |   7.564 |    7.693 | 
     | randomize/U589               | B2 ^ -> ZN v | AOI22_X1  | 0.115 |   7.679 |    7.808 | 
     | randomize/U594               | A1 v -> ZN ^ | NAND4_X1  | 0.106 |   7.785 |    7.914 | 
     | randomize/data_out_reg_47_   | D ^          | DFF_X1    | 0.000 |   7.785 |    7.914 | 
     +--------------------------------------------------------------------------------------+ 

