###############################################################
#  Generated by:      Cadence Innovus 21.13-s100_1
#  OS:                Linux x86_64(Host ID ic51)
#  Generated on:      Fri Sep 29 14:55:03 2023
#  Design:            top
#  Command:           report_timing > timing.rpt
###############################################################
Path 1: MET Setup Check with Pin randomize/data_out_reg_51_/CK 
Endpoint:   randomize/data_out_reg_51_/D (^) checked with  leading edge of 'CLK'
Beginpoint: sequencer/round_reg_1_/Q     (^) triggered by  leading edge of 'CLK'
Path Groups: {CLK}
Analysis View: generic_view
Other End Arrival Time          0.000
- Setup                         0.087
+ Phase Shift                  10.000
= Required Time                 9.913
- Arrival Time                  9.697
= Slack Time                    0.216
     Clock Rise Edge                 0.000
     + Clock Network Latency (Ideal) 0.000
     = Beginpoint Arrival Time       0.000
     +--------------------------------------------------------------------------------------+ 
     |           Instance           |     Arc      |   Cell    | Delay | Arrival | Required | 
     |                              |              |           |       |  Time   |   Time   | 
     |------------------------------+--------------+-----------+-------+---------+----------| 
     | sequencer/round_reg_1_       | CK ^         |           |       |   0.000 |    0.216 | 
     | sequencer/round_reg_1_       | CK ^ -> Q ^  | DFF_X1    | 0.561 |   0.560 |    0.776 | 
     | randomize/U14                | A ^ -> ZN v  | INV_X1    | 0.270 |   0.830 |    1.046 | 
     | randomize/U38                | A2 v -> ZN ^ | NAND2_X1  | 0.132 |   0.962 |    1.177 | 
     | randomize/U35                | A1 ^ -> ZN v | NOR2_X1   | 0.034 |   0.996 |    1.212 | 
     | randomize/U13                | A1 v -> ZN ^ | NOR2_X1   | 0.128 |   1.124 |    1.340 | 
     | randomize/U51                | A ^ -> ZN v  | OAI21_X1  | 0.079 |   1.204 |    1.420 | 
     | randomize/U41                | C2 v -> ZN ^ | AOI211_X1 | 0.281 |   1.485 |    1.701 | 
     | randomize/U60                | B1 ^ -> ZN v | AOI22_X1  | 0.115 |   1.600 |    1.816 | 
     | randomize/U42                | B1 v -> ZN ^ | OAI21_X1  | 0.392 |   1.992 |    2.208 | 
     | FE_PDC90_randomize_n47       | A ^ -> Z ^   | BUF_X4    | 0.467 |   2.459 |    2.675 | 
     | FE_PDC42_randomize_n47       | A ^ -> Z ^   | CLKBUF_X3 | 0.458 |   2.917 |    3.133 | 
     | FE_PDC89_randomize_n47       | A ^ -> Z ^   | BUF_X4    | 0.478 |   3.395 |    3.611 | 
     | FE_PDC46_randomize_n47       | A ^ -> Z ^   | CLKBUF_X3 | 0.438 |   3.833 |    4.049 | 
     | randomize/U141               | A2 ^ -> ZN v | AOI22_X2  | 0.118 |   3.951 |    4.167 | 
     | randomize/U142               | A v -> ZN ^  | INV_X1    | 0.096 |   4.047 |    4.263 | 
     | randomize/U143               | B1 ^ -> ZN v | AOI22_X1  | 0.063 |   4.110 |    4.325 | 
     | randomize/U144               | A1 v -> ZN ^ | NAND2_X1  | 0.092 |   4.201 |    4.417 | 
     | randomize/f_func/U56         | A ^ -> Z ^   | XOR2_X1   | 0.518 |   4.719 |    4.935 | 
     | randomize/f_func/sbox4b/U59  | A ^ -> ZN v  | INV_X1    | 0.068 |   4.787 |    5.003 | 
     | randomize/f_func/sbox4b/U36  | A2 v -> ZN ^ | NAND2_X1  | 0.122 |   4.909 |    5.125 | 
     | randomize/f_func/sbox4b/U37  | A2 ^ -> ZN v | NOR2_X1   | 0.066 |   4.975 |    5.191 | 
     | randomize/f_func/sbox4b/U78  | A v -> ZN ^  | INV_X1    | 0.165 |   5.141 |    5.356 | 
     | randomize/f_func/sbox4b/U140 | A2 ^ -> ZN v | NOR2_X1   | 0.120 |   5.260 |    5.476 | 
     | randomize/f_func/sbox4b/U229 | A4 v -> ZN v | OR4_X1    | 0.546 |   5.807 |    6.022 | 
     | randomize/f_func/sbox4b/U297 | A3 v -> ZN v | OR3_X1    | 0.388 |   6.194 |    6.410 | 
     | randomize/f_func/sbox4b/U298 | A3 v -> ZN ^ | NOR3_X1   | 0.407 |   6.601 |    6.817 | 
     | randomize/f_func/sbox4b/U325 | A3 ^ -> ZN v | NAND4_X1  | 0.184 |   6.785 |    7.001 | 
     | randomize/f_func/sbox4b/U326 | A4 v -> ZN ^ | NOR4_X2   | 0.524 |   7.309 |    7.525 | 
     | randomize/f_func/sbox4b/U330 | A1 ^ -> ZN v | OAI22_X1  | 0.107 |   7.416 |    7.632 | 
     | randomize/f_func/sbox4b/U331 | A v -> ZN ^  | AOI21_X1  | 0.210 |   7.625 |    7.841 | 
     | randomize/f_func/sbox4b/U332 | A ^ -> ZN v  | OAI221_X2 | 0.147 |   7.772 |    7.988 | 
     | randomize/f_func/p_func/U31  | A v -> Z ^   | XOR2_X1   | 0.278 |   8.051 |    8.266 | 
     | randomize/f_func/p_func/U34  | B ^ -> Z ^   | XOR2_X1   | 0.296 |   8.347 |    8.563 | 
     | randomize/f_func/p_func/U36  | B ^ -> ZN v  | XNOR2_X1  | 0.091 |   8.438 |    8.653 | 
     | randomize/f_func/p_func/U37  | A v -> ZN ^  | XNOR2_X1  | 0.680 |   9.118 |    9.334 | 
     | randomize/U616               | B ^ -> Z ^   | XOR2_X1   | 0.361 |   9.479 |    9.694 | 
     | randomize/U617               | B2 ^ -> ZN v | AOI22_X1  | 0.114 |   9.592 |    9.808 | 
     | randomize/U622               | A1 v -> ZN ^ | NAND4_X1  | 0.105 |   9.697 |    9.913 | 
     | randomize/data_out_reg_51_   | D ^          | DFF_X1    | 0.000 |   9.697 |    9.913 | 
     +--------------------------------------------------------------------------------------+ 

