#-check_same_via_cell true               # bool, default=false, user setting
 *** Starting Verify DRC (MEM: 3061.4) ***

  VERIFY DRC ...... Starting Verification
  VERIFY DRC ...... Initializing
  VERIFY DRC ...... Deleting Existing Violations
  VERIFY DRC ...... Creating Sub-Areas
**WARN: (IMPVFG-1198):	The number of CPUs requested 8 is larger than that verify_drc used 4. In Multithreading mode, the number of CPUs verify_drc used is not larger than the number of subareas.
 Use 'setMultiCpuUsage -localCpu' to specify the less cup number if the verify area is not large.
  VERIFY DRC ...... Using new threading
 VERIFY DRC ...... Sub-Area: {0.000 0.000 59.400 58.320} 1 of 4  Thread : 0
 VERIFY DRC ...... Sub-Area: {59.400 0.000 116.660 58.320} 2 of 4  Thread : 0
 VERIFY DRC ...... Sub-Area: {0.000 58.320 59.400 114.520} 3 of 4  Thread : 0
 VERIFY DRC ...... Thread : 3 finished.
 VERIFY DRC ...... Sub-Area: {59.400 58.320 116.660 114.520} 4 of 4  Thread : 0
 VERIFY DRC ...... Thread : 0 finished.

  Verification Complete : 42 Viols.

 Violation Summary By Layer and Type:

	          Short   CutSpc   MetSpc   Totals
	metal2        6        0        0        6
	metal3       24        0        1       25
	via4          0        2        0        2
	metal5        2        0        0        2
	via5          0        3        0        3
	metal6        4        0        0        4
	Totals       36        5        1       42

 *** End Verify DRC (CPU: 0:00:01.2  ELAPSED TIME: 1.00  MEM: 256.1M) ***

