###############################################################
#  Generated by:      Cadence Innovus 21.13-s100_1
#  OS:                Linux x86_64(Host ID ic51)
#  Generated on:      Fri Sep 29 22:31:18 2023
#  Design:            top
#  Command:           report_timing > timing.rpt
###############################################################
Path 1: VIOLATED Setup Check with Pin randomize/data_out_reg_32_/CK 
Endpoint:   randomize/data_out_reg_32_/D (v) checked with  leading edge of 'CLK'
Beginpoint: sequencer/round_reg_2_/Q     (^) triggered by  leading edge of 'CLK'
Path Groups: {CLK}
Analysis View: generic_view
Other End Arrival Time          0.000
- Setup                         0.175
+ Phase Shift                   6.000
= Required Time                 5.825
- Arrival Time                  5.900
= Slack Time                   -0.075
     Clock Rise Edge                 0.000
     + Clock Network Latency (Ideal) 0.000
     = Beginpoint Arrival Time       0.000
     +-------------------------------------------------------------------------------------------------+ 
     |                Instance                 |     Arc      |   Cell    | Delay | Arrival | Required | 
     |                                         |              |           |       |  Time   |   Time   | 
     |-----------------------------------------+--------------+-----------+-------+---------+----------| 
     | sequencer/round_reg_2_                  | CK ^         |           |       |   0.000 |   -0.075 | 
     | sequencer/round_reg_2_                  | CK ^ -> Q ^  | DFF_X1    | 0.385 |   0.385 |    0.311 | 
     | randomize/U38                           | A1 ^ -> ZN v | NAND2_X4  | 0.064 |   0.449 |    0.374 | 
     | randomize/U35                           | A2 v -> ZN ^ | NOR2_X4   | 0.096 |   0.545 |    0.470 | 
     | randomize/U13                           | A1 ^ -> ZN v | NOR2_X2   | 0.034 |   0.578 |    0.504 | 
     | randomize/U54                           | A v -> ZN ^  | INV_X2    | 0.049 |   0.627 |    0.552 | 
     | randomize/U40                           | B ^ -> ZN v  | AOI211_X1 | 0.030 |   0.657 |    0.582 | 
     | randomize/U41                           | B v -> ZN ^  | AOI211_X1 | 0.334 |   0.990 |    0.915 | 
     | randomize/U62                           | A1 ^ -> ZN v | NOR2_X1   | 0.050 |   1.040 |    0.965 | 
     | randomize/U63                           | B1 v -> ZN ^ | OAI21_X1  | 0.145 |   1.185 |    1.110 | 
     | randomize/U42                           | A ^ -> ZN v  | OAI21_X2  | 0.084 |   1.269 |    1.194 | 
     | FE_PSBC93_randomize_n47                 | A v -> Z v   | BUF_X4    | 0.143 |   1.411 |    1.336 | 
     | FE_PSBC135_randomize_n47                | A v -> ZN ^  | INV_X16   | 0.055 |   1.467 |    1.392 | 
     | FE_PSBC134_randomize_n47                | A ^ -> ZN v  | INV_X32   | 0.026 |   1.493 |    1.418 | 
     | FE_PSBC130_n                            | A v -> ZN ^  | INV_X32   | 0.088 |   1.581 |    1.506 | 
     | FE_PSBC122_n                            | A ^ -> ZN v  | INV_X16   | 0.073 |   1.654 |    1.579 | 
     | FE_PSBC121_n                            | A v -> ZN ^  | INV_X16   | 0.092 |   1.746 |    1.671 | 
     | randomize/U154                          | B2 ^ -> ZN v | AOI22_X2  | 0.091 |   1.837 |    1.762 | 
     | randomize/U155                          | A v -> ZN ^  | INV_X1    | 0.087 |   1.924 |    1.849 | 
     | randomize/U156                          | B1 ^ -> ZN v | AOI22_X1  | 0.057 |   1.981 |    1.906 | 
     | randomize/U157                          | A1 v -> ZN ^ | NAND2_X1  | 0.117 |   2.097 |    2.023 | 
     | randomize/f_func/U3                     | A ^ -> Z ^   | XOR2_X2   | 0.377 |   2.475 |    2.400 | 
     | FE_PSC156_randomize_f_func_key_added_13 | A ^ -> Z ^   | CLKBUF_X1 | 0.211 |   2.686 |    2.611 | 
     | randomize/f_func/sbox4b/U34             | A1 ^ -> ZN v | NOR2_X2   | 0.067 |   2.753 |    2.678 | 
     | randomize/f_func/sbox4b/U66             | A v -> ZN ^  | INV_X8    | 0.055 |   2.808 |    2.733 | 
     | randomize/f_func/sbox4b/U103            | A2 ^ -> ZN v | NOR2_X2   | 0.049 |   2.857 |    2.782 | 
     | randomize/f_func/sbox4b/U104            | A4 v -> ZN ^ | NOR4_X4   | 0.339 |   3.195 |    3.121 | 
     | randomize/f_func/sbox4b/U105            | A2 ^ -> ZN v | NAND2_X2  | 0.098 |   3.294 |    3.219 | 
     | randomize/f_func/sbox4b/U114            | A3 v -> ZN ^ | NOR4_X4   | 0.357 |   3.651 |    3.576 | 
     | randomize/f_func/sbox4b/U311            | A1 ^ -> ZN v | NAND3_X2  | 0.094 |   3.745 |    3.670 | 
     | randomize/f_func/sbox4b/U312            | A4 v -> ZN ^ | NOR4_X2   | 0.317 |   4.061 |    3.987 | 
     | FE_PSC23_randomize_f_func_sbox4b_n357   | A ^ -> Z ^   | BUF_X2    | 0.140 |   4.201 |    4.126 | 
     | randomize/f_func/sbox4b/U386            | A2 ^ -> ZN v | NAND4_X2  | 0.095 |   4.296 |    4.221 | 
     | randomize/f_func/sbox4b/U387            | B2 v -> ZN ^ | AOI22_X2  | 0.195 |   4.492 |    4.417 | 
     | randomize/f_func/sbox4b/U394            | A ^ -> ZN v  | OAI211_X2 | 0.154 |   4.646 |    4.571 | 
     | randomize/f_func/p_func/U82             | A v -> Z v   | XOR2_X2   | 0.228 |   4.874 |    4.799 | 
     | randomize/f_func/p_func/U85             | B v -> Z v   | XOR2_X2   | 0.234 |   5.108 |    5.034 | 
     | FE_PSC63_randomize_f_func_p_func_n46    | A v -> Z v   | BUF_X1    | 0.121 |   5.229 |    5.154 | 
     | randomize/f_func/p_func/U86             | B v -> ZN v  | XNOR2_X2  | 0.138 |   5.367 |    5.292 | 
     | randomize/U483                          | B v -> Z v   | XOR2_X1   | 0.240 |   5.607 |    5.532 | 
     | randomize/U484                          | B2 v -> ZN ^ | AOI22_X1  | 0.192 |   5.799 |    5.724 | 
     | randomize/U489                          | A1 ^ -> ZN v | NAND4_X1  | 0.100 |   5.899 |    5.825 | 
     | randomize/data_out_reg_32_              | D v          | DFF_X1    | 0.000 |   5.900 |    5.825 | 
     +-------------------------------------------------------------------------------------------------+ 

