###############################################################
#  Generated by:      Cadence Innovus 21.13-s100_1
#  OS:                Linux x86_64(Host ID ic51)
#  Generated on:      Fri Sep 29 22:46:25 2023
#  Design:            top
#  Command:           report_timing > timing.rpt
###############################################################
Path 1: VIOLATED Setup Check with Pin key_scheduler/ka_reg_124_/CK 
Endpoint:   key_scheduler/ka_reg_124_/D (^) checked with  leading edge of 'CLK'
Beginpoint: sequencer/round_reg_1_/Q    (^) triggered by  leading edge of 'CLK'
Path Groups: {CLK}
Analysis View: generic_view
Other End Arrival Time          0.000
- Setup                         0.087
+ Phase Shift                   6.900
= Required Time                 6.813
- Arrival Time                  6.848
= Slack Time                   -0.035
     Clock Rise Edge                 0.000
     + Clock Network Latency (Ideal) 0.000
     = Beginpoint Arrival Time       0.000
     +------------------------------------------------------------------------------------------------+ 
     |                Instance                |     Arc      |   Cell    | Delay | Arrival | Required | 
     |                                        |              |           |       |  Time   |   Time   | 
     |----------------------------------------+--------------+-----------+-------+---------+----------| 
     | sequencer/round_reg_1_                 | CK ^         |           |       |   0.000 |   -0.035 | 
     | sequencer/round_reg_1_                 | CK ^ -> Q ^  | DFF_X2    | 0.537 |   0.537 |    0.502 | 
     | randomize/U14                          | A ^ -> ZN v  | INV_X4    | 0.097 |   0.634 |    0.599 | 
     | randomize/U38                          | A1 v -> ZN ^ | NAND2_X4  | 0.063 |   0.697 |    0.662 | 
     | randomize/U35                          | A1 ^ -> ZN v | NOR2_X2   | 0.025 |   0.722 |    0.687 | 
     | randomize/U13                          | A1 v -> ZN ^ | NOR2_X2   | 0.082 |   0.804 |    0.769 | 
     | randomize/U54                          | A ^ -> ZN v  | INV_X1    | 0.031 |   0.835 |    0.800 | 
     | randomize/U40                          | B v -> ZN ^  | AOI211_X1 | 0.261 |   1.096 |    1.061 | 
     | randomize/U41                          | B ^ -> ZN v  | AOI211_X1 | 0.085 |   1.182 |    1.147 | 
     | randomize/U60                          | B1 v -> ZN ^ | AOI22_X1  | 0.201 |   1.383 |    1.348 | 
     | randomize/U42                          | B1 ^ -> ZN v | OAI21_X2  | 0.111 |   1.494 |    1.459 | 
     | FE_PDC59_randomize_n47                 | A v -> Z v   | BUF_X4    | 0.163 |   1.657 |    1.622 | 
     | FE_PDC86_randomize_n47                 | A v -> Z v   | BUF_X16   | 0.093 |   1.750 |    1.715 | 
     | FE_PDC75_randomize_n47                 | A v -> Z v   | BUF_X16   | 0.092 |   1.842 |    1.807 | 
     | randomize/U5                           | A v -> ZN ^  | INV_X16   | 0.116 |   1.958 |    1.923 | 
     | randomize/U399                         | B2 ^ -> ZN v | AOI22_X1  | 0.289 |   2.247 |    2.212 | 
     | randomize/U400                         | B1 v -> ZN ^ | OAI22_X1  | 0.184 |   2.431 |    2.396 | 
     | randomize/f_func/U20                   | A ^ -> Z ^   | XOR2_X1   | 0.184 |   2.615 |    2.580 | 
     | FE_PDC64_randomize_f_func_key_added_56 | A ^ -> Z ^   | BUF_X1    | 0.255 |   2.870 |    2.835 | 
     | randomize/f_func/sbox1a/U5             | A ^ -> ZN v  | INV_X1    | 0.097 |   2.967 |    2.932 | 
     | randomize/f_func/sbox1a/U7             | A1 v -> ZN ^ | NAND2_X1  | 0.173 |   3.141 |    3.106 | 
     | randomize/f_func/sbox1a/U32            | A ^ -> ZN v  | INV_X1    | 0.089 |   3.229 |    3.194 | 
     | randomize/f_func/sbox1a/U33            | A2 v -> ZN ^ | NAND2_X1  | 0.133 |   3.362 |    3.327 | 
     | randomize/f_func/sbox1a/U117           | A ^ -> ZN v  | INV_X1    | 0.095 |   3.457 |    3.422 | 
     | randomize/f_func/sbox1a/U228           | A2 v -> ZN ^ | NAND2_X1  | 0.139 |   3.596 |    3.561 | 
     | randomize/f_func/sbox1a/U229           | A2 ^ -> ZN v | NAND2_X1  | 0.116 |   3.712 |    3.677 | 
     | randomize/f_func/sbox1a/U232           | A3 v -> ZN ^ | NOR4_X1   | 0.427 |   4.139 |    4.104 | 
     | randomize/f_func/sbox1a/U233           | A ^ -> ZN v  | OAI21_X1  | 0.182 |   4.322 |    4.287 | 
     | randomize/f_func/sbox1a/U304           | A3 v -> ZN ^ | NOR4_X1   | 0.339 |   4.660 |    4.625 | 
     | randomize/f_func/sbox1a/U305           | A4 ^ -> ZN v | NAND4_X1  | 0.142 |   4.802 |    4.767 | 
     | randomize/f_func/sbox1a/U306           | B2 v -> ZN ^ | AOI22_X1  | 0.222 |   5.024 |    4.989 | 
     | randomize/f_func/sbox1a/U316           | A ^ -> ZN v  | OAI211_X1 | 0.186 |   5.210 |    5.175 | 
     | randomize/f_func/p_func/U107           | B v -> Z v   | XOR2_X2   | 0.266 |   5.476 |    5.441 | 
     | randomize/f_func/p_func/U108           | B v -> ZN v  | XNOR2_X1  | 0.189 |   5.665 |    5.630 | 
     | randomize/f_func/p_func/U115           | A v -> ZN ^  | XNOR2_X1  | 0.590 |   6.255 |    6.220 | 
     | randomize/U681                         | B ^ -> Z ^   | XOR2_X1   | 0.384 |   6.639 |    6.604 | 
     | key_scheduler/U228                     | A2 ^ -> ZN v | AOI22_X1  | 0.084 |   6.723 |    6.688 | 
     | key_scheduler/U229                     | A3 v -> ZN ^ | NAND3_X1  | 0.125 |   6.848 |    6.813 | 
     | key_scheduler/ka_reg_124_              | D ^          | DFF_X1    | 0.000 |   6.848 |    6.813 | 
     +------------------------------------------------------------------------------------------------+ 

