###############################################################
#  Generated by:      Cadence Innovus 21.13-s100_1
#  OS:                Linux x86_64(Host ID ic51)
#  Generated on:      Sat Sep 30 11:46:58 2023
#  Design:            top
#  Command:           report_timing > timing.rpt
###############################################################
Path 1: MET Setup Check with Pin randomize/data_out_reg_50_/CK 
Endpoint:   randomize/data_out_reg_50_/D (^) checked with  leading edge of 'CLK'
Beginpoint: sequencer/round_reg_1_/Q     (^) triggered by  leading edge of 'CLK'
Path Groups: {CLK}
Analysis View: generic_view
Other End Arrival Time          0.000
- Setup                         0.087
+ Phase Shift                  80.000
= Required Time                79.913
- Arrival Time                 10.110
= Slack Time                   69.804
     Clock Rise Edge                 0.000
     + Clock Network Latency (Ideal) 0.000
     = Beginpoint Arrival Time       0.000
     +--------------------------------------------------------------------------------------+ 
     |           Instance           |     Arc      |   Cell    | Delay | Arrival | Required | 
     |                              |              |           |       |  Time   |   Time   | 
     |------------------------------+--------------+-----------+-------+---------+----------| 
     | sequencer/round_reg_1_       | CK ^         |           |       |   0.000 |   69.803 | 
     | sequencer/round_reg_1_       | CK ^ -> Q ^  | DFF_X1    | 0.557 |   0.557 |   70.361 | 
     | randomize/U14                | A ^ -> ZN v  | INV_X1    | 0.250 |   0.807 |   70.611 | 
     | randomize/U38                | A2 v -> ZN ^ | NAND2_X1  | 0.134 |   0.941 |   70.744 | 
     | randomize/U35                | A1 ^ -> ZN v | NOR2_X1   | 0.034 |   0.975 |   70.779 | 
     | randomize/U13                | A1 v -> ZN ^ | NOR2_X1   | 0.122 |   1.097 |   70.901 | 
     | randomize/U51                | A ^ -> ZN v  | OAI21_X1  | 0.077 |   1.175 |   70.978 | 
     | randomize/U41                | C2 v -> ZN ^ | AOI211_X1 | 0.281 |   1.456 |   71.259 | 
     | randomize/U60                | B1 ^ -> ZN v | AOI22_X1  | 0.112 |   1.568 |   71.371 | 
     | randomize/U42                | B1 v -> ZN ^ | OAI21_X1  | 0.468 |   2.036 |   71.839 | 
     | FE_PDC32_randomize_n47       | A ^ -> Z ^   | CLKBUF_X3 | 0.554 |   2.590 |   72.393 | 
     | randomize/U5                 | A ^ -> ZN v  | INV_X8    | 0.280 |   2.869 |   72.673 | 
     | randomize/U135               | B2 v -> ZN ^ | AOI22_X1  | 0.478 |   3.347 |   73.150 | 
     | randomize/U136               | A ^ -> ZN v  | INV_X1    | 0.071 |   3.418 |   73.222 | 
     | randomize/U137               | B1 v -> ZN ^ | AOI22_X1  | 0.382 |   3.800 |   73.603 | 
     | randomize/U138               | A1 ^ -> ZN v | NAND2_X1  | 0.076 |   3.876 |   73.679 | 
     | randomize/f_func/U12         | A v -> Z ^   | XOR2_X1   | 0.757 |   4.633 |   74.436 | 
     | randomize/f_func/sbox4b/U33  | A1 ^ -> ZN v | NOR2_X1   | 0.069 |   4.702 |   74.506 | 
     | randomize/f_func/sbox4b/U32  | A v -> ZN ^  | INV_X1    | 0.134 |   4.836 |   74.639 | 
     | randomize/f_func/sbox4b/U34  | A2 ^ -> ZN v | NOR2_X1   | 0.072 |   4.908 |   74.712 | 
     | randomize/f_func/sbox4b/U66  | A v -> ZN ^  | INV_X1    | 0.229 |   5.137 |   74.941 | 
     | randomize/f_func/sbox4b/U103 | A2 ^ -> ZN v | NOR2_X2   | 0.101 |   5.238 |   75.042 | 
     | randomize/f_func/sbox4b/U104 | A4 v -> ZN ^ | NOR4_X1   | 0.436 |   5.674 |   75.477 | 
     | randomize/f_func/sbox4b/U105 | A2 ^ -> ZN v | NAND2_X1  | 0.132 |   5.806 |   75.609 | 
     | randomize/f_func/sbox4b/U334 | A4 v -> ZN ^ | NOR4_X1   | 0.950 |   6.756 |   76.560 | 
     | randomize/f_func/sbox4b/U335 | A3 ^ -> ZN v | NAND4_X1  | 0.160 |   6.916 |   76.720 | 
     | randomize/f_func/sbox4b/U336 | A4 v -> ZN ^ | NOR4_X1   | 0.614 |   7.531 |   77.334 | 
     | randomize/f_func/sbox4b/U352 | C1 ^ -> ZN v | OAI211_X2 | 0.415 |   7.945 |   77.749 | 
     | randomize/f_func/p_func/U9   | B v -> Z ^   | XOR2_X1   | 0.289 |   8.235 |   78.038 | 
     | randomize/f_func/p_func/U21  | A ^ -> ZN v  | XNOR2_X1  | 0.105 |   8.340 |   78.143 | 
     | randomize/f_func/p_func/U25  | B v -> ZN ^  | XNOR2_X1  | 1.182 |   9.522 |   79.325 | 
     | randomize/U609               | B ^ -> Z ^   | XOR2_X1   | 0.369 |   9.891 |   79.694 | 
     | randomize/U610               | B2 ^ -> ZN v | AOI22_X1  | 0.110 |  10.001 |   79.805 | 
     | randomize/U615               | A1 v -> ZN ^ | NAND4_X1  | 0.109 |  10.110 |   79.913 | 
     | randomize/data_out_reg_50_   | D ^          | DFF_X1    | 0.000 |  10.110 |   79.913 | 
     +--------------------------------------------------------------------------------------+ 

