###############################################################
#  Generated by:      Cadence Innovus 21.13-s100_1
#  OS:                Linux x86_64(Host ID ic51)
#  Generated on:      Sat Sep 30 12:28:52 2023
#  Design:            top
#  Command:           report_timing > timing.rpt
###############################################################
Path 1: VIOLATED Setup Check with Pin randomize/data_out_reg_111_/CK 
Endpoint:   randomize/data_out_reg_111_/D (^) checked with  leading edge of 
'CLK'
Beginpoint: sequencer/round_reg_1_/Q      (^) triggered by  leading edge of 
'CLK'
Path Groups: {CLK}
Analysis View: generic_view
Other End Arrival Time          0.000
- Setup                         0.087
+ Phase Shift                   7.000
= Required Time                 6.913
- Arrival Time                  6.962
= Slack Time                   -0.049
     Clock Rise Edge                 0.000
     + Clock Network Latency (Ideal) 0.000
     = Beginpoint Arrival Time       0.000
     +--------------------------------------------------------------------------------------+ 
     |           Instance           |     Arc      |   Cell    | Delay | Arrival | Required | 
     |                              |              |           |       |  Time   |   Time   | 
     |------------------------------+--------------+-----------+-------+---------+----------| 
     | sequencer/round_reg_1_       | CK ^         |           |       |   0.000 |   -0.049 | 
     | sequencer/round_reg_1_       | CK ^ -> Q ^  | DFF_X2    | 0.529 |   0.529 |    0.480 | 
     | randomize/U14                | A ^ -> ZN v  | INV_X4    | 0.093 |   0.622 |    0.573 | 
     | randomize/U38                | A2 v -> ZN ^ | NAND2_X4  | 0.069 |   0.691 |    0.642 | 
     | randomize/U35                | A1 ^ -> ZN v | NOR2_X1   | 0.028 |   0.719 |    0.670 | 
     | randomize/U13                | A1 v -> ZN ^ | NOR2_X2   | 0.089 |   0.808 |    0.759 | 
     | randomize/U54                | A ^ -> ZN v  | INV_X1    | 0.032 |   0.840 |    0.791 | 
     | randomize/U40                | B v -> ZN ^  | AOI211_X1 | 0.263 |   1.103 |    1.054 | 
     | randomize/U41                | B ^ -> ZN v  | AOI211_X1 | 0.084 |   1.186 |    1.138 | 
     | randomize/U62                | A1 v -> ZN ^ | NOR2_X1   | 0.117 |   1.304 |    1.255 | 
     | randomize/U63                | B2 ^ -> ZN v | OAI21_X1  | 0.067 |   1.371 |    1.322 | 
     | randomize/U42                | A v -> ZN ^  | OAI21_X2  | 0.146 |   1.516 |    1.468 | 
     | FE_PDC105_randomize_n47      | A ^ -> Z ^   | BUF_X16   | 0.172 |   1.688 |    1.639 | 
     | randomize/U5                 | A ^ -> ZN v  | INV_X8    | 0.057 |   1.745 |    1.697 | 
     | FE_PDC116_randomize_n110     | A v -> Z v   | BUF_X16   | 0.094 |   1.839 |    1.791 | 
     | FE_PDC114_randomize_n110     | A v -> Z v   | BUF_X16   | 0.134 |   1.973 |    1.924 | 
     | randomize/U107               | B2 v -> ZN ^ | AOI22_X1  | 0.222 |   2.196 |    2.147 | 
     | randomize/U108               | A ^ -> ZN v  | INV_X1    | 0.075 |   2.271 |    2.222 | 
     | randomize/U112               | A2 v -> ZN ^ | AOI22_X2  | 0.227 |   2.498 |    2.449 | 
     | randomize/U113               | A ^ -> ZN v  | OAI21_X2  | 0.132 |   2.630 |    2.581 | 
     | randomize/f_func/U11         | A v -> Z ^   | XOR2_X2   | 0.345 |   2.975 |    2.926 | 
     | randomize/f_func/sbox1b/U4   | A2 ^ -> ZN v | NOR2_X2   | 0.111 |   3.085 |    3.037 | 
     | randomize/f_func/sbox1b/U34  | A1 v -> ZN ^ | NAND2_X1  | 0.133 |   3.219 |    3.170 | 
     | randomize/f_func/sbox1b/U41  | A ^ -> ZN v  | INV_X1    | 0.104 |   3.323 |    3.274 | 
     | randomize/f_func/sbox1b/U150 | A1 v -> ZN ^ | NAND2_X1  | 0.163 |   3.486 |    3.438 | 
     | randomize/f_func/sbox1b/U151 | B ^ -> ZN v  | OAI211_X1 | 0.161 |   3.647 |    3.598 | 
     | randomize/f_func/sbox1b/U153 | A3 v -> ZN ^ | NOR4_X2   | 0.321 |   3.968 |    3.920 | 
     | randomize/f_func/sbox1b/U155 | A1 ^ -> ZN v | NAND3_X1  | 0.160 |   4.128 |    4.079 | 
     | randomize/f_func/sbox1b/U156 | A v -> ZN ^  | AOI21_X1  | 0.234 |   4.362 |    4.314 | 
     | randomize/f_func/sbox1b/U162 | A1 ^ -> ZN v | NAND4_X1  | 0.157 |   4.519 |    4.471 | 
     | randomize/f_func/sbox1b/U163 | A4 v -> ZN ^ | NOR4_X4   | 0.371 |   4.890 |    4.841 | 
     | randomize/f_func/sbox1b/U165 | B2 ^ -> ZN v | AOI21_X1  | 0.083 |   4.973 |    4.924 | 
     | randomize/f_func/sbox1b/U166 | A v -> ZN ^  | AOI221_X1 | 0.356 |   5.328 |    5.280 | 
     | randomize/f_func/sbox1b/U186 | A ^ -> ZN v  | OAI211_X2 | 0.213 |   5.542 |    5.493 | 
     | randomize/f_func/p_func/U77  | A v -> Z ^   | XOR2_X1   | 0.295 |   5.837 |    5.788 | 
     | randomize/f_func/p_func/U152 | A ^ -> Z ^   | XOR2_X1   | 0.280 |   6.117 |    6.068 | 
     | randomize/f_func/p_func/U165 | A ^ -> ZN ^  | XNOR2_X1  | 0.171 |   6.288 |    6.239 | 
     | randomize/f_func/p_func/U166 | A ^ -> ZN ^  | XNOR2_X1  | 0.152 |   6.440 |    6.391 | 
     | randomize/U588               | B ^ -> Z ^   | XOR2_X1   | 0.311 |   6.751 |    6.703 | 
     | randomize/U1049              | A2 ^ -> ZN v | AOI22_X1  | 0.090 |   6.842 |    6.793 | 
     | randomize/U1052              | A2 v -> ZN ^ | NAND4_X1  | 0.120 |   6.962 |    6.913 | 
     | randomize/data_out_reg_111_  | D ^          | DFF_X1    | 0.000 |   6.962 |    6.913 | 
     +--------------------------------------------------------------------------------------+ 

