###############################################################
#  Generated by:      Cadence Innovus 21.13-s100_1
#  OS:                Linux x86_64(Host ID ic51)
#  Generated on:      Sat Sep 30 12:34:50 2023
#  Design:            top
#  Command:           report_timing > timing.rpt
###############################################################
Path 1: MET Setup Check with Pin randomize/data_out_reg_116_/CK 
Endpoint:   randomize/data_out_reg_116_/D (^) checked with  leading edge of 
'CLK'
Beginpoint: sequencer/round_reg_1_/Q      (^) triggered by  leading edge of 
'CLK'
Path Groups: {CLK}
Analysis View: generic_view
Other End Arrival Time          0.000
- Setup                         0.088
+ Phase Shift                  10.000
= Required Time                 9.912
- Arrival Time                  9.458
= Slack Time                    0.454
     Clock Rise Edge                 0.000
     + Clock Network Latency (Ideal) 0.000
     = Beginpoint Arrival Time       0.000
     +--------------------------------------------------------------------------------------+ 
     |           Instance           |     Arc      |   Cell    | Delay | Arrival | Required | 
     |                              |              |           |       |  Time   |   Time   | 
     |------------------------------+--------------+-----------+-------+---------+----------| 
     | sequencer/round_reg_1_       | CK ^         |           |       |   0.000 |    0.454 | 
     | sequencer/round_reg_1_       | CK ^ -> Q ^  | DFF_X1    | 0.551 |   0.551 |    1.005 | 
     | randomize/U14                | A ^ -> ZN v  | INV_X1    | 0.228 |   0.779 |    1.233 | 
     | randomize/U38                | A2 v -> ZN ^ | NAND2_X1  | 0.132 |   0.911 |    1.365 | 
     | randomize/U35                | A1 ^ -> ZN v | NOR2_X1   | 0.034 |   0.945 |    1.399 | 
     | randomize/U13                | A1 v -> ZN ^ | NOR2_X1   | 0.128 |   1.073 |    1.527 | 
     | randomize/U54                | A ^ -> ZN v  | INV_X1    | 0.037 |   1.110 |    1.564 | 
     | randomize/U40                | B v -> ZN ^  | AOI211_X1 | 0.264 |   1.374 |    1.828 | 
     | randomize/U41                | B ^ -> ZN v  | AOI211_X1 | 0.083 |   1.457 |    1.911 | 
     | randomize/U62                | A1 v -> ZN ^ | NOR2_X1   | 0.117 |   1.575 |    2.029 | 
     | randomize/U63                | B2 ^ -> ZN v | OAI21_X1  | 0.058 |   1.632 |    2.086 | 
     | randomize/U42                | A v -> ZN ^  | OAI21_X1  | 0.104 |   1.736 |    2.190 | 
     | FE_PDC105_randomize_n47      | A ^ -> Z ^   | CLKBUF_X3 | 0.467 |   2.203 |    2.657 | 
     | FE_PDC104_randomize_n47      | A ^ -> Z ^   | CLKBUF_X1 | 0.223 |   2.426 |    2.880 | 
     | FE_PDC137_randomize_n47      | A ^ -> Z ^   | CLKBUF_X1 | 0.569 |   2.995 |    3.449 | 
     | FE_PDC134_randomize_n47      | A ^ -> Z ^   | BUF_X2    | 0.302 |   3.297 |    3.751 | 
     | randomize/U380               | A2 ^ -> ZN v | AOI22_X1  | 0.100 |   3.398 |    3.852 | 
     | randomize/U381               | A v -> ZN ^  | INV_X1    | 0.113 |   3.510 |    3.964 | 
     | randomize/U383               | B2 ^ -> ZN v | AOI21_X1  | 0.054 |   3.565 |    4.019 | 
     | randomize/U384               | A v -> ZN ^  | OAI21_X1  | 0.121 |   3.686 |    4.140 | 
     | randomize/f_func/U23         | A ^ -> Z ^   | XOR2_X1   | 0.659 |   4.345 |    4.799 | 
     | randomize/f_func/sbox2a/U28  | A ^ -> ZN v  | INV_X1    | 0.135 |   4.480 |    4.934 | 
     | randomize/f_func/sbox2a/U52  | A2 v -> ZN ^ | NAND2_X1  | 0.317 |   4.797 |    5.251 | 
     | randomize/f_func/sbox2a/U70  | A ^ -> ZN v  | INV_X1    | 0.098 |   4.895 |    5.349 | 
     | randomize/f_func/sbox2a/U91  | A1 v -> ZN ^ | NAND2_X1  | 0.135 |   5.030 |    5.484 | 
     | randomize/f_func/sbox2a/U163 | A ^ -> ZN v  | INV_X1    | 0.051 |   5.081 |    5.535 | 
     | randomize/f_func/sbox2a/U301 | A4 v -> ZN ^ | NOR4_X1   | 0.915 |   5.996 |    6.450 | 
     | randomize/f_func/sbox2a/U302 | A4 ^ -> ZN v | NAND4_X1  | 0.187 |   6.183 |    6.637 | 
     | randomize/f_func/sbox2a/U303 | A4 v -> ZN ^ | NOR4_X2   | 0.663 |   6.846 |    7.300 | 
     | randomize/f_func/sbox2a/U305 | A3 ^ -> ZN v | NAND4_X1  | 0.313 |   7.160 |    7.614 | 
     | randomize/f_func/sbox2a/U312 | A2 v -> ZN ^ | AOI22_X1  | 0.228 |   7.388 |    7.842 | 
     | randomize/f_func/sbox2a/U319 | A ^ -> ZN v  | OAI211_X1 | 0.220 |   7.607 |    8.061 | 
     | randomize/f_func/p_func/U100 | B v -> ZN ^  | XNOR2_X1  | 0.310 |   7.917 |    8.371 | 
     | randomize/f_func/p_func/U103 | B ^ -> ZN ^  | XNOR2_X1  | 0.208 |   8.126 |    8.580 | 
     | randomize/f_func/p_func/U105 | B ^ -> ZN v  | XNOR2_X1  | 0.088 |   8.214 |    8.668 | 
     | randomize/f_func/p_func/U106 | A v -> ZN ^  | XNOR2_X1  | 0.576 |   8.790 |    9.244 | 
     | randomize/U623               | B ^ -> Z ^   | XOR2_X1   | 0.454 |   9.243 |    9.697 | 
     | randomize/U1079              | A2 ^ -> ZN v | AOI22_X1  | 0.090 |   9.333 |    9.787 | 
     | randomize/U1082              | A2 v -> ZN ^ | NAND4_X1  | 0.125 |   9.458 |    9.912 | 
     | randomize/data_out_reg_116_  | D ^          | DFF_X1    | 0.000 |   9.458 |    9.912 | 
     +--------------------------------------------------------------------------------------+ 

