###############################################################
#  Generated by:      Cadence Innovus 21.13-s100_1
#  OS:                Linux x86_64(Host ID ic51)
#  Generated on:      Sat Sep 30 12:40:08 2023
#  Design:            top
#  Command:           report_timing > timing.rpt
###############################################################
Path 1: MET Setup Check with Pin key_scheduler/ka_reg_112_/CK 
Endpoint:   key_scheduler/ka_reg_112_/D (^) checked with  leading edge of 'CLK'
Beginpoint: sequencer/round_reg_1_/Q    (^) triggered by  leading edge of 'CLK'
Path Groups: {CLK}
Analysis View: generic_view
Other End Arrival Time          0.000
- Setup                         0.085
+ Phase Shift                  10.000
= Required Time                 9.915
- Arrival Time                  9.737
= Slack Time                    0.179
     Clock Rise Edge                 0.000
     + Clock Network Latency (Ideal) 0.000
     = Beginpoint Arrival Time       0.000
     +--------------------------------------------------------------------------------------+ 
     |           Instance           |     Arc      |   Cell    | Delay | Arrival | Required | 
     |                              |              |           |       |  Time   |   Time   | 
     |------------------------------+--------------+-----------+-------+---------+----------| 
     | sequencer/round_reg_1_       | CK ^         |           |       |   0.000 |    0.179 | 
     | sequencer/round_reg_1_       | CK ^ -> Q ^  | DFF_X1    | 0.557 |   0.557 |    0.735 | 
     | randomize/U14                | A ^ -> ZN v  | INV_X1    | 0.282 |   0.838 |    1.017 | 
     | randomize/U38                | A2 v -> ZN ^ | NAND2_X1  | 0.134 |   0.972 |    1.151 | 
     | randomize/U35                | A1 ^ -> ZN v | NOR2_X1   | 0.034 |   1.006 |    1.185 | 
     | randomize/U13                | A1 v -> ZN ^ | NOR2_X1   | 0.128 |   1.134 |    1.313 | 
     | randomize/U54                | A ^ -> ZN v  | INV_X1    | 0.037 |   1.171 |    1.350 | 
     | randomize/U40                | B v -> ZN ^  | AOI211_X1 | 0.258 |   1.429 |    1.608 | 
     | randomize/U41                | B ^ -> ZN v  | AOI211_X1 | 0.083 |   1.513 |    1.691 | 
     | randomize/U60                | B1 v -> ZN ^ | AOI22_X1  | 0.184 |   1.697 |    1.876 | 
     | randomize/U42                | B1 ^ -> ZN v | OAI21_X1  | 0.078 |   1.775 |    1.954 | 
     | FE_PDC104_randomize_n47      | A v -> Z v   | CLKBUF_X2 | 0.247 |   2.022 |    2.200 | 
     | FE_PDC103_randomize_n47      | A v -> Z v   | CLKBUF_X3 | 0.329 |   2.351 |    2.530 | 
     | randomize/U5                 | A v -> ZN ^  | INV_X1    | 0.160 |   2.511 |    2.689 | 
     | FE_PDC81_randomize_n110      | A ^ -> Z ^   | CLKBUF_X3 | 0.477 |   2.987 |    3.166 | 
     | FE_PDC79_randomize_n110      | A ^ -> ZN v  | INV_X1    | 0.205 |   3.193 |    3.371 | 
     | FE_PDC77_randomize_n110      | A v -> ZN ^  | INV_X4    | 0.425 |   3.618 |    3.797 | 
     | randomize/U264               | B2 ^ -> ZN v | AOI22_X2  | 0.206 |   3.824 |    4.003 | 
     | randomize/U265               | A v -> ZN ^  | INV_X1    | 0.103 |   3.927 |    4.106 | 
     | randomize/U267               | B1 ^ -> ZN v | AOI21_X1  | 0.048 |   3.975 |    4.153 | 
     | randomize/U268               | A v -> ZN ^  | OAI21_X1  | 0.115 |   4.090 |    4.269 | 
     | randomize/f_func/U41         | A ^ -> Z ^   | XOR2_X2   | 0.667 |   4.757 |    4.936 | 
     | randomize/f_func/sbox4a/U26  | A ^ -> ZN v  | INV_X1    | 0.098 |   4.855 |    5.034 | 
     | randomize/f_func/sbox4a/U69  | A3 v -> ZN ^ | NAND3_X1  | 0.256 |   5.111 |    5.290 | 
     | randomize/f_func/sbox4a/U101 | A2 ^ -> ZN v | NOR2_X2   | 0.127 |   5.238 |    5.416 | 
     | randomize/f_func/sbox4a/U104 | A2 v -> ZN ^ | NOR4_X1   | 0.398 |   5.636 |    5.815 | 
     | randomize/f_func/sbox4a/U105 | A2 ^ -> ZN v | NAND2_X1  | 0.109 |   5.745 |    5.924 | 
     | randomize/f_func/sbox4a/U114 | A3 v -> ZN ^ | NOR4_X1   | 0.642 |   6.387 |    6.566 | 
     | randomize/f_func/sbox4a/U311 | A1 ^ -> ZN v | NAND3_X1  | 0.111 |   6.498 |    6.676 | 
     | randomize/f_func/sbox4a/U312 | A4 v -> ZN ^ | NOR4_X1   | 0.612 |   7.109 |    7.288 | 
     | randomize/f_func/sbox4a/U386 | A2 ^ -> ZN v | NAND4_X1  | 0.160 |   7.269 |    7.447 | 
     | randomize/f_func/sbox4a/U387 | B2 v -> ZN ^ | AOI22_X1  | 0.273 |   7.541 |    7.720 | 
     | randomize/f_func/sbox4a/U394 | A ^ -> ZN v  | OAI211_X2 | 0.130 |   7.671 |    7.850 | 
     | randomize/f_func/p_func/U67  | A v -> Z ^   | XOR2_X1   | 0.249 |   7.920 |    8.099 | 
     | randomize/f_func/p_func/U85  | A ^ -> Z ^   | XOR2_X1   | 0.321 |   8.242 |    8.420 | 
     | randomize/f_func/p_func/U87  | B ^ -> ZN v  | XNOR2_X1  | 0.093 |   8.335 |    8.513 | 
     | randomize/f_func/p_func/U88  | A v -> ZN ^  | XNOR2_X1  | 0.796 |   9.130 |    9.309 | 
     | randomize/U595               | B ^ -> Z ^   | XOR2_X1   | 0.324 |   9.454 |    9.633 | 
     | key_scheduler/U276           | A2 ^ -> ZN v | AOI22_X1  | 0.075 |   9.529 |    9.707 | 
     | FE_PDC40_key_scheduler_n181  | A v -> Z v   | CLKBUF_X1 | 0.144 |   9.672 |    9.851 | 
     | key_scheduler/U277           | A3 v -> ZN ^ | NAND3_X1  | 0.064 |   9.737 |    9.915 | 
     | key_scheduler/ka_reg_112_    | D ^          | DFF_X1    | 0.000 |   9.737 |    9.915 | 
     +--------------------------------------------------------------------------------------+ 

