###############################################################
#  Generated by:      Cadence Innovus 21.13-s100_1
#  OS:                Linux x86_64(Host ID ic51)
#  Generated on:      Sat Sep 30 13:18:59 2023
#  Design:            top
#  Command:           report_timing > timing.rpt
###############################################################
Path 1: MET Setup Check with Pin randomize/data_out_reg_38_/CK 
Endpoint:   randomize/data_out_reg_38_/D (^) checked with  leading edge of 'CLK'
Beginpoint: sequencer/round_reg_1_/Q     (^) triggered by  leading edge of 'CLK'
Path Groups: {CLK}
Analysis View: generic_view
Other End Arrival Time          0.000
- Setup                         0.087
+ Phase Shift                  10.000
= Required Time                 9.913
- Arrival Time                  9.519
= Slack Time                    0.394
     Clock Rise Edge                 0.000
     + Clock Network Latency (Ideal) 0.000
     = Beginpoint Arrival Time       0.000
     +--------------------------------------------------------------------------------------+ 
     |           Instance           |     Arc      |   Cell    | Delay | Arrival | Required | 
     |                              |              |           |       |  Time   |   Time   | 
     |------------------------------+--------------+-----------+-------+---------+----------| 
     | sequencer/round_reg_1_       | CK ^         |           |       |   0.000 |    0.394 | 
     | sequencer/round_reg_1_       | CK ^ -> Q ^  | DFF_X1    | 0.559 |   0.559 |    0.953 | 
     | randomize/U14                | A ^ -> ZN v  | INV_X1    | 0.228 |   0.787 |    1.181 | 
     | randomize/U38                | A2 v -> ZN ^ | NAND2_X1  | 0.136 |   0.923 |    1.317 | 
     | randomize/U35                | A1 ^ -> ZN v | NOR2_X1   | 0.035 |   0.958 |    1.352 | 
     | randomize/U13                | A1 v -> ZN ^ | NOR2_X1   | 0.128 |   1.086 |    1.480 | 
     | randomize/U54                | A ^ -> ZN v  | INV_X1    | 0.037 |   1.123 |    1.517 | 
     | randomize/U40                | B v -> ZN ^  | AOI211_X1 | 0.268 |   1.392 |    1.786 | 
     | randomize/U41                | B ^ -> ZN v  | AOI211_X1 | 0.088 |   1.480 |    1.874 | 
     | randomize/U60                | B1 v -> ZN ^ | AOI22_X1  | 0.183 |   1.663 |    2.057 | 
     | randomize/U42                | B1 ^ -> ZN v | OAI21_X1  | 0.117 |   1.779 |    2.173 | 
     | FE_PDC88_randomize_n47       | A v -> Z v   | CLKBUF_X3 | 0.325 |   2.104 |    2.498 | 
     | FE_PDC87_randomize_n47       | A v -> Z v   | BUF_X1    | 0.234 |   2.338 |    2.732 | 
     | FE_PDC116_randomize_n47      | A v -> Z v   | BUF_X2    | 0.143 |   2.481 |    2.875 | 
     | randomize/U5                 | A v -> ZN ^  | INV_X1    | 0.060 |   2.541 |    2.935 | 
     | FE_PDC45_randomize_n110      | A ^ -> Z ^   | BUF_X2    | 0.421 |   2.962 |    3.356 | 
     | FE_PDC44_randomize_n110      | A ^ -> ZN v  | INV_X1    | 0.125 |   3.087 |    3.481 | 
     | FE_PDC43_randomize_n110      | A v -> ZN ^  | INV_X4    | 0.390 |   3.478 |    3.872 | 
     | FE_PDC246_randomize_n110     | A ^ -> Z ^   | BUF_X2    | 0.466 |   3.944 |    4.338 | 
     | randomize/U180               | B2 ^ -> ZN v | AOI22_X1  | 0.190 |   4.134 |    4.528 | 
     | randomize/U181               | A v -> ZN ^  | INV_X1    | 0.116 |   4.250 |    4.644 | 
     | randomize/U183               | B1 ^ -> ZN v | AOI21_X1  | 0.052 |   4.302 |    4.696 | 
     | randomize/U184               | A v -> ZN ^  | OAI21_X1  | 0.143 |   4.445 |    4.839 | 
     | randomize/f_func/U53         | A ^ -> Z ^   | XOR2_X2   | 0.308 |   4.753 |    5.147 | 
     | randomize/f_func/sbox3b/U14  | A ^ -> ZN v  | INV_X1    | 0.073 |   4.825 |    5.219 | 
     | randomize/f_func/sbox3b/U15  | A2 v -> ZN ^ | NAND2_X1  | 0.257 |   5.083 |    5.477 | 
     | randomize/f_func/sbox3b/U32  | A ^ -> ZN v  | INV_X1    | 0.079 |   5.162 |    5.556 | 
     | randomize/f_func/sbox3b/U33  | A2 v -> ZN ^ | NAND2_X1  | 0.302 |   5.464 |    5.858 | 
     | randomize/f_func/sbox3b/U53  | A ^ -> ZN v  | INV_X1    | 0.087 |   5.551 |    5.945 | 
     | randomize/f_func/sbox3b/U54  | A1 v -> ZN ^ | NAND2_X1  | 0.142 |   5.693 |    6.087 | 
     | randomize/f_func/sbox3b/U56  | A1 ^ -> ZN v | NAND2_X1  | 0.078 |   5.771 |    6.165 | 
     | randomize/f_func/sbox3b/U57  | A v -> ZN ^  | AOI21_X1  | 0.241 |   6.011 |    6.405 | 
     | randomize/f_func/sbox3b/U62  | A2 ^ -> ZN v | NAND4_X1  | 0.122 |   6.134 |    6.528 | 
     | randomize/f_func/sbox3b/U63  | A3 v -> ZN ^ | NOR3_X1   | 0.911 |   7.045 |    7.439 | 
     | randomize/f_func/sbox3b/U226 | A1 ^ -> ZN v | NAND3_X1  | 0.127 |   7.172 |    7.566 | 
     | randomize/f_func/sbox3b/U227 | B2 v -> ZN ^ | AOI22_X1  | 0.419 |   7.590 |    7.984 | 
     | randomize/f_func/sbox3b/U240 | A ^ -> ZN v  | OAI211_X1 | 0.313 |   7.903 |    8.297 | 
     | randomize/f_func/p_func/U75  | A v -> ZN ^  | XNOR2_X1  | 0.237 |   8.140 |    8.534 | 
     | randomize/f_func/p_func/U119 | B ^ -> ZN v  | XNOR2_X1  | 0.090 |   8.230 |    8.624 | 
     | randomize/f_func/p_func/U120 | A v -> ZN ^  | XNOR2_X1  | 0.759 |   8.989 |    9.383 | 
     | randomize/U525               | B ^ -> Z ^   | XOR2_X1   | 0.315 |   9.304 |    9.698 | 
     | randomize/U526               | B2 ^ -> ZN v | AOI22_X1  | 0.104 |   9.407 |    9.801 | 
     | randomize/U531               | A1 v -> ZN ^ | NAND4_X1  | 0.111 |   9.519 |    9.913 | 
     | randomize/data_out_reg_38_   | D ^          | DFF_X1    | 0.000 |   9.519 |    9.913 | 
     +--------------------------------------------------------------------------------------+ 

