###############################################################
#  Generated by:      Cadence Innovus 21.13-s100_1
#  OS:                Linux x86_64(Host ID ic51)
#  Generated on:      Sat Sep 30 13:24:19 2023
#  Design:            top
#  Command:           report_timing > timing.rpt
###############################################################
Path 1: MET Setup Check with Pin key_scheduler/ka_reg_75_/CK 
Endpoint:   key_scheduler/ka_reg_75_/D (^) checked with  leading edge of 'CLK'
Beginpoint: sequencer/round_reg_1_/Q   (^) triggered by  leading edge of 'CLK'
Path Groups: {CLK}
Analysis View: generic_view
Other End Arrival Time          0.000
- Setup                         0.085
+ Phase Shift                  10.000
= Required Time                 9.915
- Arrival Time                  8.674
= Slack Time                    1.240
     Clock Rise Edge                 0.000
     + Clock Network Latency (Ideal) 0.000
     = Beginpoint Arrival Time       0.000
     +--------------------------------------------------------------------------------------+ 
     |           Instance           |     Arc      |   Cell    | Delay | Arrival | Required | 
     |                              |              |           |       |  Time   |   Time   | 
     |------------------------------+--------------+-----------+-------+---------+----------| 
     | sequencer/round_reg_1_       | CK ^         |           |       |   0.000 |    1.240 | 
     | sequencer/round_reg_1_       | CK ^ -> Q ^  | DFF_X1    | 0.546 |   0.546 |    1.786 | 
     | randomize/U14                | A ^ -> ZN v  | INV_X1    | 0.254 |   0.800 |    2.040 | 
     | randomize/U38                | A2 v -> ZN ^ | NAND2_X1  | 0.130 |   0.929 |    2.170 | 
     | randomize/U35                | A1 ^ -> ZN v | NOR2_X1   | 0.035 |   0.965 |    2.205 | 
     | randomize/U13                | A1 v -> ZN ^ | NOR2_X1   | 0.126 |   1.091 |    2.332 | 
     | randomize/U54                | A ^ -> ZN v  | INV_X1    | 0.037 |   1.128 |    2.369 | 
     | randomize/U40                | B v -> ZN ^  | AOI211_X1 | 0.257 |   1.386 |    2.626 | 
     | randomize/U41                | B ^ -> ZN v  | AOI211_X1 | 0.083 |   1.469 |    2.709 | 
     | randomize/U62                | A1 v -> ZN ^ | NOR2_X1   | 0.126 |   1.595 |    2.835 | 
     | randomize/U63                | B2 ^ -> ZN v | OAI21_X1  | 0.061 |   1.655 |    2.896 | 
     | randomize/U42                | A v -> ZN ^  | OAI21_X1  | 0.093 |   1.748 |    2.989 | 
     | FE_PDC78_randomize_n47       | A ^ -> Z ^   | BUF_X4    | 0.388 |   2.136 |    3.377 | 
     | randomize/U5                 | A ^ -> ZN v  | INV_X8    | 0.273 |   2.409 |    3.650 | 
     | randomize/U271               | B2 v -> ZN ^ | AOI22_X1  | 0.499 |   2.909 |    4.149 | 
     | randomize/U272               | A ^ -> ZN v  | INV_X1    | 0.072 |   2.981 |    4.221 | 
     | randomize/U273               | B1 v -> ZN ^ | AOI22_X1  | 0.173 |   3.154 |    4.394 | 
     | randomize/U274               | A1 ^ -> ZN v | NAND2_X1  | 0.087 |   3.241 |    4.482 | 
     | randomize/f_func/U40         | A v -> Z ^   | XOR2_X2   | 0.204 |   3.445 |    4.685 | 
     | randomize/f_func/sbox4a/U33  | A1 ^ -> ZN v | NOR2_X1   | 0.062 |   3.507 |    4.748 | 
     | randomize/f_func/sbox4a/U32  | A v -> ZN ^  | INV_X1    | 0.189 |   3.697 |    4.937 | 
     | randomize/f_func/sbox4a/U34  | A2 ^ -> ZN v | NOR2_X1   | 0.087 |   3.783 |    5.024 | 
     | randomize/f_func/sbox4a/U66  | A v -> ZN ^  | INV_X1    | 0.241 |   4.024 |    5.265 | 
     | randomize/f_func/sbox4a/U103 | A2 ^ -> ZN v | NOR2_X2   | 0.102 |   4.127 |    5.367 | 
     | randomize/f_func/sbox4a/U104 | A4 v -> ZN ^ | NOR4_X1   | 0.435 |   4.561 |    5.802 | 
     | randomize/f_func/sbox4a/U105 | A2 ^ -> ZN v | NAND2_X1  | 0.116 |   4.677 |    5.918 | 
     | randomize/f_func/sbox4a/U114 | A3 v -> ZN ^ | NOR4_X1   | 0.707 |   5.385 |    6.625 | 
     | randomize/f_func/sbox4a/U311 | A1 ^ -> ZN v | NAND3_X1  | 0.152 |   5.537 |    6.777 | 
     | randomize/f_func/sbox4a/U312 | A4 v -> ZN ^ | NOR4_X1   | 0.778 |   6.315 |    7.556 | 
     | randomize/f_func/sbox4a/U332 | B2 ^ -> ZN v | OAI221_X1 | 0.403 |   6.718 |    7.959 | 
     | randomize/f_func/p_func/U28  | A v -> Z v   | XOR2_X1   | 0.190 |   6.908 |    8.148 | 
     | randomize/f_func/p_func/U29  | B v -> ZN ^  | XNOR2_X1  | 1.220 |   8.127 |    9.368 | 
     | randomize/U798               | B ^ -> Z ^   | XOR2_X1   | 0.344 |   8.471 |    9.712 | 
     | key_scheduler/U424           | A2 ^ -> ZN v | AOI22_X1  | 0.083 |   8.555 |    9.795 | 
     | key_scheduler/U425           | A3 v -> ZN ^ | NAND3_X1  | 0.120 |   8.674 |    9.915 | 
     | key_scheduler/ka_reg_75_     | D ^          | DFF_X1    | 0.000 |   8.674 |    9.915 | 
     +--------------------------------------------------------------------------------------+ 

