###############################################################
#  Generated by:      Cadence Innovus 21.13-s100_1
#  OS:                Linux x86_64(Host ID ic51)
#  Generated on:      Fri Sep 29 15:38:50 2023
#  Design:            top
#  Command:           report_timing > timing.rpt
###############################################################
Path 1: MET Setup Check with Pin randomize/data_out_reg_43_/CK 
Endpoint:   randomize/data_out_reg_43_/D (^) checked with  leading edge of 'CLK'
Beginpoint: sequencer/round_reg_1_/Q     (^) triggered by  leading edge of 'CLK'
Path Groups: {CLK}
Analysis View: generic_view
Other End Arrival Time          0.000
- Setup                         0.087
+ Phase Shift                  10.000
= Required Time                 9.913
- Arrival Time                  9.232
= Slack Time                    0.681
     Clock Rise Edge                 0.000
     + Clock Network Latency (Ideal) 0.000
     = Beginpoint Arrival Time       0.000
     +--------------------------------------------------------------------------------------+ 
     |           Instance           |     Arc      |   Cell    | Delay | Arrival | Required | 
     |                              |              |           |       |  Time   |   Time   | 
     |------------------------------+--------------+-----------+-------+---------+----------| 
     | sequencer/round_reg_1_       | CK ^         |           |       |   0.000 |    0.681 | 
     | sequencer/round_reg_1_       | CK ^ -> Q ^  | DFF_X1    | 0.547 |   0.547 |    1.228 | 
     | randomize/U14                | A ^ -> ZN v  | INV_X1    | 0.245 |   0.792 |    1.473 | 
     | randomize/U38                | A2 v -> ZN ^ | NAND2_X1  | 0.130 |   0.922 |    1.603 | 
     | randomize/U35                | A1 ^ -> ZN v | NOR2_X1   | 0.034 |   0.956 |    1.637 | 
     | randomize/U13                | A1 v -> ZN ^ | NOR2_X1   | 0.128 |   1.084 |    1.765 | 
     | randomize/U54                | A ^ -> ZN v  | INV_X1    | 0.038 |   1.122 |    1.803 | 
     | randomize/U40                | B v -> ZN ^  | AOI211_X1 | 0.256 |   1.378 |    2.059 | 
     | randomize/U41                | B ^ -> ZN v  | AOI211_X1 | 0.082 |   1.460 |    2.141 | 
     | randomize/U62                | A1 v -> ZN ^ | NOR2_X1   | 0.114 |   1.574 |    2.255 | 
     | randomize/U63                | B2 ^ -> ZN v | OAI21_X1  | 0.057 |   1.632 |    2.312 | 
     | randomize/U42                | A v -> ZN ^  | OAI21_X1  | 0.113 |   1.745 |    2.426 | 
     | FE_PDC37_randomize_n47       | A ^ -> Z ^   | CLKBUF_X3 | 0.546 |   2.291 |    2.972 | 
     | FE_PDC36_randomize_n47       | A ^ -> Z ^   | BUF_X8    | 0.317 |   2.608 |    3.288 | 
     | randomize/U5                 | A ^ -> ZN v  | INV_X8    | 0.223 |   2.830 |    3.511 | 
     | randomize/U312               | B2 v -> ZN ^ | AOI22_X1  | 0.285 |   3.115 |    3.796 | 
     | randomize/U313               | A ^ -> ZN v  | INV_X1    | 0.067 |   3.183 |    3.864 | 
     | randomize/U314               | B1 v -> ZN ^ | AOI22_X1  | 0.164 |   3.347 |    4.028 | 
     | randomize/U315               | A1 ^ -> ZN v | NAND2_X1  | 0.064 |   3.411 |    4.092 | 
     | randomize/f_func/U34         | A v -> Z ^   | XOR2_X1   | 0.905 |   4.316 |    4.997 | 
     | randomize/f_func/sbox3a/U24  | A1 ^ -> ZN v | NOR2_X1   | 0.177 |   4.493 |    5.174 | 
     | randomize/f_func/sbox3a/U25  | A2 v -> ZN ^ | NAND2_X1  | 0.280 |   4.774 |    5.455 | 
     | randomize/f_func/sbox3a/U90  | A2 ^ -> ZN v | NOR2_X1   | 0.097 |   4.871 |    5.552 | 
     | randomize/f_func/sbox3a/U205 | A v -> ZN ^  | INV_X1    | 0.262 |   5.132 |    5.813 | 
     | randomize/f_func/sbox3a/U206 | A4 ^ -> ZN v | NAND4_X1  | 0.122 |   5.254 |    5.935 | 
     | randomize/f_func/sbox3a/U207 | A3 v -> ZN ^ | NOR3_X1   | 0.777 |   6.031 |    6.712 | 
     | randomize/f_func/sbox3a/U321 | A ^ -> ZN v  | INV_X1    | 0.036 |   6.067 |    6.748 | 
     | randomize/f_func/sbox3a/U325 | A3 v -> ZN ^ | NOR4_X1   | 0.487 |   6.554 |    7.234 | 
     | randomize/f_func/sbox3a/U333 | B1 ^ -> ZN v | AOI21_X1  | 0.077 |   6.631 |    7.312 | 
     | randomize/f_func/sbox3a/U341 | A v -> ZN ^  | AOI211_X1 | 0.378 |   7.009 |    7.690 | 
     | randomize/f_func/sbox3a/U342 | A ^ -> ZN v  | OAI21_X2  | 0.123 |   7.132 |    7.812 | 
     | randomize/f_func/p_func/U26  | B v -> Z ^   | XOR2_X1   | 0.285 |   7.416 |    8.097 | 
     | randomize/f_func/p_func/U61  | A ^ -> Z v   | XOR2_X1   | 0.120 |   7.537 |    8.218 | 
     | randomize/f_func/p_func/U62  | B v -> ZN ^  | XNOR2_X1  | 1.142 |   8.679 |    9.360 | 
     | randomize/U560               | B ^ -> Z ^   | XOR2_X1   | 0.338 |   9.017 |    9.698 | 
     | randomize/U561               | B2 ^ -> ZN v | AOI22_X1  | 0.106 |   9.123 |    9.804 | 
     | randomize/U566               | A1 v -> ZN ^ | NAND4_X1  | 0.109 |   9.232 |    9.913 | 
     | randomize/data_out_reg_43_   | D ^          | DFF_X1    | 0.000 |   9.232 |    9.913 | 
     +--------------------------------------------------------------------------------------+ 

