###############################################################
#  Generated by:      Cadence Innovus 21.13-s100_1
#  OS:                Linux x86_64(Host ID ic51)
#  Generated on:      Sat Sep 30 13:35:56 2023
#  Design:            top
#  Command:           report_timing > timing.rpt
###############################################################
Path 1: MET Setup Check with Pin randomize/data_out_reg_39_/CK 
Endpoint:   randomize/data_out_reg_39_/D (^) checked with  leading edge of 'CLK'
Beginpoint: sequencer/round_reg_1_/Q     (^) triggered by  leading edge of 'CLK'
Path Groups: {CLK}
Analysis View: generic_view
Other End Arrival Time          0.000
- Setup                         0.086
+ Phase Shift                  10.000
= Required Time                 9.914
- Arrival Time                  9.545
= Slack Time                    0.368
     Clock Rise Edge                 0.000
     + Clock Network Latency (Ideal) 0.000
     = Beginpoint Arrival Time       0.000
     +--------------------------------------------------------------------------------------+ 
     |           Instance           |     Arc      |   Cell    | Delay | Arrival | Required | 
     |                              |              |           |       |  Time   |   Time   | 
     |------------------------------+--------------+-----------+-------+---------+----------| 
     | sequencer/round_reg_1_       | CK ^         |           |       |   0.000 |    0.368 | 
     | sequencer/round_reg_1_       | CK ^ -> Q ^  | DFF_X1    | 0.563 |   0.563 |    0.931 | 
     | randomize/U14                | A ^ -> ZN v  | INV_X1    | 0.230 |   0.792 |    1.161 | 
     | randomize/U38                | A2 v -> ZN ^ | NAND2_X1  | 0.131 |   0.924 |    1.292 | 
     | randomize/U35                | A1 ^ -> ZN v | NOR2_X1   | 0.034 |   0.958 |    1.327 | 
     | randomize/U13                | A1 v -> ZN ^ | NOR2_X1   | 0.122 |   1.080 |    1.448 | 
     | randomize/U54                | A ^ -> ZN v  | INV_X1    | 0.037 |   1.117 |    1.485 | 
     | randomize/U40                | B v -> ZN ^  | AOI211_X1 | 0.267 |   1.384 |    1.752 | 
     | randomize/U41                | B ^ -> ZN v  | AOI211_X1 | 0.086 |   1.470 |    1.838 | 
     | randomize/U62                | A1 v -> ZN ^ | NOR2_X1   | 0.121 |   1.591 |    1.959 | 
     | randomize/U63                | B2 ^ -> ZN v | OAI21_X1  | 0.059 |   1.650 |    2.018 | 
     | randomize/U42                | A v -> ZN ^  | OAI21_X1  | 0.076 |   1.726 |    2.095 | 
     | FE_PDC67_randomize_n47       | A ^ -> Z ^   | CLKBUF_X3 | 0.474 |   2.200 |    2.568 | 
     | FE_PDC66_randomize_n47       | A ^ -> Z ^   | BUF_X1    | 0.377 |   2.577 |    2.945 | 
     | FE_PDC115_randomize_n47      | A ^ -> Z ^   | BUF_X4    | 0.298 |   2.875 |    3.244 | 
     | randomize/U5                 | A ^ -> ZN v  | INV_X8    | 0.199 |   3.074 |    3.442 | 
     | randomize/U358               | B2 v -> ZN ^ | AOI22_X1  | 0.603 |   3.678 |    4.046 | 
     | randomize/U359               | A ^ -> ZN v  | INV_X1    | 0.077 |   3.754 |    4.123 | 
     | randomize/U360               | B1 v -> ZN ^ | AOI22_X1  | 0.179 |   3.933 |    4.301 | 
     | randomize/U361               | A1 ^ -> ZN v | NAND2_X1  | 0.065 |   3.998 |    4.367 | 
     | randomize/f_func/U27         | A v -> Z ^   | XOR2_X1   | 0.617 |   4.616 |    4.984 | 
     | randomize/f_func/sbox2a/U16  | A1 ^ -> ZN v | NOR2_X1   | 0.182 |   4.798 |    5.166 | 
     | randomize/f_func/sbox2a/U17  | A2 v -> ZN ^ | NAND2_X1  | 0.415 |   5.213 |    5.581 | 
     | randomize/f_func/sbox2a/U58  | A1 ^ -> ZN v | NOR2_X4   | 0.090 |   5.303 |    5.671 | 
     | randomize/f_func/sbox2a/U59  | B v -> ZN ^  | AOI211_X1 | 0.369 |   5.672 |    6.040 | 
     | randomize/f_func/sbox2a/U67  | A1 ^ -> ZN v | NAND3_X1  | 0.199 |   5.871 |    6.239 | 
     | randomize/f_func/sbox2a/U76  | A3 v -> ZN ^ | NOR4_X2   | 0.641 |   6.512 |    6.880 | 
     | randomize/f_func/sbox2a/U81  | A2 ^ -> ZN v | NAND4_X1  | 0.152 |   6.664 |    7.032 | 
     | randomize/f_func/sbox2a/U82  | A4 v -> ZN ^ | NOR4_X1   | 0.905 |   7.569 |    7.937 | 
     | randomize/f_func/sbox2a/U186 | B1 ^ -> ZN v | OAI21_X1  | 0.233 |   7.802 |    8.170 | 
     | randomize/f_func/p_func/U153 | B v -> ZN ^  | XNOR2_X1  | 0.319 |   8.121 |    8.489 | 
     | randomize/f_func/p_func/U156 | B ^ -> ZN v  | XNOR2_X1  | 0.132 |   8.253 |    8.621 | 
     | randomize/f_func/p_func/U157 | B v -> ZN ^  | XNOR2_X1  | 0.626 |   8.879 |    9.247 | 
     | randomize/U532               | B ^ -> Z ^   | XOR2_X1   | 0.446 |   9.325 |    9.693 | 
     | randomize/U533               | B2 ^ -> ZN v | AOI22_X1  | 0.116 |   9.441 |    9.809 | 
     | randomize/U538               | A1 v -> ZN ^ | NAND4_X1  | 0.104 |   9.545 |    9.914 | 
     | randomize/data_out_reg_39_   | D ^          | DFF_X1    | 0.000 |   9.545 |    9.914 | 
     +--------------------------------------------------------------------------------------+ 

