###############################################################
#  Generated by:      Cadence Innovus 21.13-s100_1
#  OS:                Linux x86_64(Host ID ic51)
#  Generated on:      Sun Oct  1 08:39:36 2023
#  Design:            top
#  Command:           report_timing > timing.rpt
###############################################################
Path 1: VIOLATED Setup Check with Pin randomize/data_out_reg_36_/CK 
Endpoint:   randomize/data_out_reg_36_/D (v) checked with  leading edge of 'CLK'
Beginpoint: sequencer/round_reg_1_/Q     (^) triggered by  leading edge of 'CLK'
Path Groups: {CLK}
Analysis View: generic_view
Other End Arrival Time          0.000
- Setup                         0.172
+ Phase Shift                   7.000
= Required Time                 6.828
- Arrival Time                  6.903
= Slack Time                   -0.075
     Clock Rise Edge                 0.000
     + Clock Network Latency (Ideal) 0.000
     = Beginpoint Arrival Time       0.000
     +-----------------------------------------------------------------------------------------------+ 
     |               Instance                |     Arc      |   Cell    | Delay | Arrival | Required | 
     |                                       |              |           |       |  Time   |   Time   | 
     |---------------------------------------+--------------+-----------+-------+---------+----------| 
     | sequencer/round_reg_1_                | CK ^         |           |       |   0.000 |   -0.075 | 
     | sequencer/round_reg_1_                | CK ^ -> Q ^  | DFF_X1    | 0.311 |   0.311 |    0.236 | 
     | FE_PSBC241_round_1                    | A ^ -> Z ^   | BUF_X4    | 0.081 |   0.392 |    0.317 | 
     | FE_PSBC240_round_1                    | A ^ -> ZN v  | INV_X4    | 0.037 |   0.429 |    0.355 | 
     | randomize/U38                         | A2 v -> ZN ^ | NAND2_X4  | 0.049 |   0.479 |    0.404 | 
     | randomize/U35                         | A1 ^ -> ZN v | NOR2_X1   | 0.024 |   0.503 |    0.428 | 
     | randomize/U13                         | A1 v -> ZN ^ | NOR2_X1   | 0.122 |   0.624 |    0.550 | 
     | randomize/U54                         | A ^ -> ZN v  | INV_X1    | 0.040 |   0.664 |    0.590 | 
     | randomize/U40                         | B v -> ZN ^  | AOI211_X1 | 0.321 |   0.986 |    0.911 | 
     | randomize/U41                         | B ^ -> ZN v  | AOI211_X2 | 0.086 |   1.072 |    0.997 | 
     | randomize/U62                         | A1 v -> ZN ^ | NOR2_X1   | 0.113 |   1.185 |    1.110 | 
     | randomize/U63                         | B2 ^ -> ZN v | OAI21_X1  | 0.067 |   1.252 |    1.177 | 
     | randomize/U42                         | A v -> ZN ^  | OAI21_X2  | 0.086 |   1.338 |    1.264 | 
     | FE_PSBC129_randomize_n47              | A ^ -> ZN v  | INV_X2    | 0.044 |   1.382 |    1.308 | 
     | FE_PSBC137_randomize_n47              | A v -> ZN ^  | INV_X4    | 0.081 |   1.463 |    1.389 | 
     | FE_PSBC141_n                          | A ^ -> ZN v  | INV_X16   | 0.039 |   1.503 |    1.428 | 
     | FE_PSBC139_n                          | A v -> ZN ^  | INV_X32   | 0.055 |   1.557 |    1.483 | 
     | FE_PDC77_randomize_n47                | A ^ -> Z ^   | BUF_X32   | 0.168 |   1.726 |    1.651 | 
     | FE_PSBC176_FE_PDN77_randomize_n47     | A ^ -> ZN v  | INV_X16   | 0.067 |   1.793 |    1.718 | 
     | FE_PSBC235_FE_PDN77_randomize_n47     | A v -> ZN ^  | INV_X8    | 0.064 |   1.857 |    1.782 | 
     | FE_PSBC204_FE_PDN115_n                | A ^ -> ZN v  | INV_X8    | 0.032 |   1.889 |    1.814 | 
     | randomize/U260                        | B2 v -> ZN ^ | AOI22_X1  | 0.354 |   2.243 |    2.169 | 
     | randomize/U261                        | A ^ -> ZN v  | INV_X1    | 0.078 |   2.322 |    2.247 | 
     | randomize/U262                        | B1 v -> ZN ^ | AOI22_X2  | 0.154 |   2.475 |    2.401 | 
     | randomize/U263                        | A1 ^ -> ZN v | NAND2_X1  | 0.088 |   2.563 |    2.489 | 
     | randomize/f_func/U42                  | A v -> Z ^   | XOR2_X2   | 0.289 |   2.853 |    2.778 | 
     | randomize/f_func/sbox4a/U17           | A3 ^ -> ZN v | NOR3_X2   | 0.092 |   2.944 |    2.870 | 
     | randomize/f_func/sbox4a/U85           | A v -> ZN ^  | INV_X1    | 0.204 |   3.148 |    3.073 | 
     | randomize/f_func/sbox4a/U151          | A2 ^ -> ZN v | NOR2_X1   | 0.090 |   3.238 |    3.163 | 
     | randomize/f_func/sbox4a/U152          | A2 v -> ZN ^ | NOR2_X1   | 0.260 |   3.498 |    3.423 | 
     | randomize/f_func/sbox4a/U249          | A ^ -> ZN v  | INV_X1    | 0.081 |   3.578 |    3.504 | 
     | randomize/f_func/sbox4a/U285          | A2 v -> ZN ^ | NOR2_X1   | 0.125 |   3.704 |    3.629 | 
     | randomize/f_func/sbox4a/U286          | A1 ^ -> ZN v | NAND4_X1  | 0.086 |   3.790 |    3.715 | 
     | randomize/f_func/sbox4a/U287          | A4 v -> ZN ^ | NOR4_X1   | 0.390 |   4.180 |    4.105 | 
     | FE_PDC10_randomize_f_func_sbox4a_n372 | A ^ -> Z ^   | CLKBUF_X2 | 0.189 |   4.369 |    4.295 | 
     | randomize/f_func/sbox4a/U289          | A2 ^ -> ZN v | NAND4_X1  | 0.090 |   4.459 |    4.384 | 
     | randomize/f_func/sbox4a/U290          | A4 v -> ZN ^ | NOR4_X1   | 0.373 |   4.832 |    4.757 | 
     | randomize/f_func/sbox4a/U291          | A3 ^ -> ZN v | NAND3_X1  | 0.114 |   4.945 |    4.871 | 
     | randomize/f_func/sbox4a/U302          | A2 v -> ZN ^ | AOI22_X1  | 0.174 |   5.119 |    5.045 | 
     | randomize/f_func/sbox4a/U308          | A ^ -> ZN v  | OAI211_X1 | 0.171 |   5.290 |    5.216 | 
     | randomize/f_func/p_func/U71           | A v -> Z ^   | XOR2_X1   | 0.323 |   5.614 |    5.539 | 
     | randomize/f_func/p_func/U103          | A ^ -> ZN v  | XNOR2_X2  | 0.093 |   5.707 |    5.632 | 
     | randomize/f_func/p_func/U104          | B v -> ZN ^  | XNOR2_X1  | 0.743 |   6.450 |    6.375 | 
     | randomize/U511                        | B ^ -> Z v   | XOR2_X2   | 0.140 |   6.589 |    6.515 | 
     | randomize/U512                        | B2 v -> ZN ^ | AOI22_X1  | 0.226 |   6.816 |    6.741 | 
     | randomize/U517                        | A1 ^ -> ZN v | NAND4_X1  | 0.087 |   6.903 |    6.828 | 
     | randomize/data_out_reg_36_            | D v          | DFF_X1    | 0.000 |   6.903 |    6.828 | 
     +-----------------------------------------------------------------------------------------------+ 

