###############################################################
#  Generated by:      Cadence Innovus 21.13-s100_1
#  OS:                Linux x86_64(Host ID ic51)
#  Generated on:      Sun Oct  1 08:56:58 2023
#  Design:            top
#  Command:           report_timing > timing.rpt
###############################################################
Path 1: MET Setup Check with Pin randomize/data_out_reg_48_/CK 
Endpoint:   randomize/data_out_reg_48_/D (v) checked with  leading edge of 'CLK'
Beginpoint: sequencer/round_reg_0_/Q     (^) triggered by  leading edge of 'CLK'
Path Groups: {CLK}
Analysis View: generic_view
Other End Arrival Time          0.000
- Setup                         0.174
+ Phase Shift                   7.000
= Required Time                 6.826
- Arrival Time                  6.808
= Slack Time                    0.019
     Clock Rise Edge                 0.000
     + Clock Network Latency (Ideal) 0.000
     = Beginpoint Arrival Time       0.000
     +-----------------------------------------------------------------------------------------------+ 
     |               Instance                |     Arc      |   Cell    | Delay | Arrival | Required | 
     |                                       |              |           |       |  Time   |   Time   | 
     |---------------------------------------+--------------+-----------+-------+---------+----------| 
     | sequencer/round_reg_0_                | CK ^         |           |       |   0.000 |    0.019 | 
     | sequencer/round_reg_0_                | CK ^ -> Q ^  | DFF_X1    | 0.479 |   0.479 |    0.498 | 
     | randomize/U48                         | A ^ -> ZN v  | INV_X1    | 0.114 |   0.594 |    0.612 | 
     | randomize/U49                         | A v -> ZN ^  | AOI221_X1 | 0.421 |   1.015 |    1.034 | 
     | randomize/U41                         | C1 ^ -> ZN v | AOI211_X1 | 0.111 |   1.126 |    1.144 | 
     | randomize/U60                         | B1 v -> ZN ^ | AOI22_X1  | 0.212 |   1.338 |    1.357 | 
     | randomize/U42                         | B1 ^ -> ZN v | OAI21_X2  | 0.110 |   1.449 |    1.467 | 
     | FE_PDC59_randomize_n47                | A v -> Z v   | BUF_X8    | 0.154 |   1.602 |    1.621 | 
     | FE_PDC86_randomize_n47                | A v -> Z v   | BUF_X16   | 0.090 |   1.692 |    1.711 | 
     | FE_PDC75_randomize_n47                | A v -> Z v   | BUF_X16   | 0.092 |   1.784 |    1.803 | 
     | randomize/U5                          | A v -> ZN ^  | INV_X16   | 0.118 |   1.902 |    1.920 | 
     | randomize/U264                        | B2 ^ -> ZN v | AOI22_X1  | 0.167 |   2.069 |    2.088 | 
     | randomize/U265                        | A v -> ZN ^  | INV_X1    | 0.088 |   2.157 |    2.176 | 
     | randomize/U267                        | B1 ^ -> ZN v | AOI21_X1  | 0.047 |   2.204 |    2.223 | 
     | randomize/U268                        | A v -> ZN ^  | OAI21_X1  | 0.127 |   2.331 |    2.350 | 
     | randomize/f_func/U41                  | A ^ -> Z ^   | XOR2_X2   | 0.616 |   2.947 |    2.966 | 
     | randomize/f_func/sbox4a/U26           | A ^ -> ZN v  | INV_X1    | 0.127 |   3.074 |    3.093 | 
     | randomize/f_func/sbox4a/U41           | A2 v -> ZN ^ | NAND3_X1  | 0.295 |   3.369 |    3.387 | 
     | randomize/f_func/sbox4a/U51           | A1 ^ -> ZN v | NOR2_X1   | 0.154 |   3.523 |    3.542 | 
     | randomize/f_func/sbox4a/U104          | A1 v -> ZN ^ | NOR4_X2   | 0.300 |   3.822 |    3.841 | 
     | randomize/f_func/sbox4a/U105          | A2 ^ -> ZN v | NAND2_X1  | 0.148 |   3.971 |    3.989 | 
     | randomize/f_func/sbox4a/U114          | A3 v -> ZN ^ | NOR4_X4   | 0.348 |   4.319 |    4.337 | 
     | randomize/f_func/sbox4a/U311          | A1 ^ -> ZN v | NAND3_X1  | 0.102 |   4.420 |    4.439 | 
     | randomize/f_func/sbox4a/U312          | A4 v -> ZN ^ | NOR4_X1   | 0.383 |   4.803 |    4.822 | 
     | FE_PSC52_randomize_f_func_sbox4a_n357 | A ^ -> Z ^   | CLKBUF_X1 | 0.182 |   4.985 |    5.003 | 
     | randomize/f_func/sbox4a/U386          | A2 ^ -> ZN v | NAND4_X1  | 0.083 |   5.067 |    5.086 | 
     | randomize/f_func/sbox4a/U387          | B2 v -> ZN ^ | AOI22_X1  | 0.254 |   5.321 |    5.340 | 
     | randomize/f_func/sbox4a/U394          | A ^ -> ZN v  | OAI211_X2 | 0.135 |   5.456 |    5.475 | 
     | randomize/f_func/p_func/U67           | A v -> Z ^   | XOR2_X1   | 0.258 |   5.714 |    5.733 | 
     | randomize/f_func/p_func/U85           | A ^ -> Z ^   | XOR2_X1   | 0.258 |   5.973 |    5.991 | 
     | randomize/f_func/p_func/U87           | B ^ -> ZN ^  | XNOR2_X1  | 0.181 |   6.154 |    6.172 | 
     | randomize/f_func/p_func/U88           | A ^ -> ZN v  | XNOR2_X2  | 0.105 |   6.259 |    6.277 | 
     | randomize/U595                        | B v -> Z v   | XOR2_X1   | 0.258 |   6.516 |    6.535 | 
     | randomize/U596                        | B2 v -> ZN ^ | AOI22_X1  | 0.197 |   6.713 |    6.732 | 
     | randomize/U601                        | A1 ^ -> ZN v | NAND4_X1  | 0.094 |   6.808 |    6.826 | 
     | randomize/data_out_reg_48_            | D v          | DFF_X1    | 0.000 |   6.808 |    6.826 | 
     +-----------------------------------------------------------------------------------------------+ 

