###############################################################
#  Generated by:      Cadence Innovus 21.13-s100_1
#  OS:                Linux x86_64(Host ID ic51)
#  Generated on:      Fri Sep 29 15:53:28 2023
#  Design:            top
#  Command:           report_timing > timing.rpt
###############################################################
Path 1: MET Setup Check with Pin randomize/data_out_reg_43_/CK 
Endpoint:   randomize/data_out_reg_43_/D (^) checked with  leading edge of 'CLK'
Beginpoint: sequencer/round_reg_1_/Q     (^) triggered by  leading edge of 'CLK'
Path Groups: {CLK}
Analysis View: generic_view
Other End Arrival Time          0.000
- Setup                         0.087
+ Phase Shift                  10.000
= Required Time                 9.913
- Arrival Time                  9.024
= Slack Time                    0.889
     Clock Rise Edge                 0.000
     + Clock Network Latency (Ideal) 0.000
     = Beginpoint Arrival Time       0.000
     +--------------------------------------------------------------------------------------+ 
     |           Instance           |     Arc      |   Cell    | Delay | Arrival | Required | 
     |                              |              |           |       |  Time   |   Time   | 
     |------------------------------+--------------+-----------+-------+---------+----------| 
     | sequencer/round_reg_1_       | CK ^         |           |       |   0.000 |    0.889 | 
     | sequencer/round_reg_1_       | CK ^ -> Q ^  | DFF_X1    | 0.550 |   0.550 |    1.439 | 
     | randomize/U14                | A ^ -> ZN v  | INV_X1    | 0.240 |   0.790 |    1.679 | 
     | randomize/U38                | A2 v -> ZN ^ | NAND2_X1  | 0.131 |   0.921 |    1.810 | 
     | randomize/U35                | A1 ^ -> ZN v | NOR2_X1   | 0.035 |   0.956 |    1.845 | 
     | randomize/U13                | A1 v -> ZN ^ | NOR2_X1   | 0.125 |   1.081 |    1.971 | 
     | randomize/U54                | A ^ -> ZN v  | INV_X1    | 0.037 |   1.119 |    2.008 | 
     | randomize/U40                | B v -> ZN ^  | AOI211_X1 | 0.257 |   1.376 |    2.265 | 
     | randomize/U41                | B ^ -> ZN v  | AOI211_X1 | 0.087 |   1.463 |    2.352 | 
     | randomize/U62                | A1 v -> ZN ^ | NOR2_X1   | 0.125 |   1.588 |    2.477 | 
     | randomize/U63                | B2 ^ -> ZN v | OAI21_X1  | 0.062 |   1.650 |    2.539 | 
     | randomize/U42                | A v -> ZN ^  | OAI21_X1  | 0.069 |   1.719 |    2.608 | 
     | FE_PDC41_randomize_n47       | A ^ -> Z ^   | CLKBUF_X3 | 0.494 |   2.213 |    3.103 | 
     | FE_PDC40_randomize_n47       | A ^ -> Z ^   | BUF_X4    | 0.466 |   2.679 |    3.568 | 
     | randomize/U5                 | A ^ -> ZN v  | INV_X8    | 0.277 |   2.956 |    3.845 | 
     | randomize/U312               | B2 v -> ZN ^ | AOI22_X1  | 0.302 |   3.258 |    4.147 | 
     | randomize/U313               | A ^ -> ZN v  | INV_X1    | 0.083 |   3.340 |    4.229 | 
     | randomize/U314               | B1 v -> ZN ^ | AOI22_X1  | 0.164 |   3.504 |    4.393 | 
     | randomize/U315               | A1 ^ -> ZN v | NAND2_X1  | 0.063 |   3.567 |    4.457 | 
     | randomize/f_func/U34         | A v -> Z ^   | XOR2_X1   | 0.543 |   4.110 |    5.000 | 
     | randomize/f_func/sbox3a/U24  | A1 ^ -> ZN v | NOR2_X1   | 0.143 |   4.253 |    5.143 | 
     | randomize/f_func/sbox3a/U25  | A2 v -> ZN ^ | NAND2_X1  | 0.269 |   4.523 |    5.412 | 
     | randomize/f_func/sbox3a/U90  | A2 ^ -> ZN v | NOR2_X1   | 0.099 |   4.622 |    5.511 | 
     | randomize/f_func/sbox3a/U205 | A v -> ZN ^  | INV_X1    | 0.176 |   4.798 |    5.687 | 
     | randomize/f_func/sbox3a/U206 | A4 ^ -> ZN v | NAND4_X1  | 0.108 |   4.906 |    5.795 | 
     | randomize/f_func/sbox3a/U207 | A3 v -> ZN ^ | NOR3_X1   | 0.766 |   5.672 |    6.561 | 
     | randomize/f_func/sbox3a/U321 | A ^ -> ZN v  | INV_X1    | 0.035 |   5.707 |    6.596 | 
     | randomize/f_func/sbox3a/U325 | A3 v -> ZN ^ | NOR4_X1   | 0.797 |   6.505 |    7.394 | 
     | randomize/f_func/sbox3a/U333 | B1 ^ -> ZN v | AOI21_X1  | 0.082 |   6.587 |    7.476 | 
     | randomize/f_func/sbox3a/U341 | A v -> ZN ^  | AOI211_X1 | 0.387 |   6.974 |    7.864 | 
     | randomize/f_func/sbox3a/U342 | A ^ -> ZN v  | OAI21_X2  | 0.137 |   7.112 |    8.001 | 
     | randomize/f_func/p_func/U26  | B v -> Z v   | XOR2_X1   | 0.257 |   7.369 |    8.258 | 
     | randomize/f_func/p_func/U61  | A v -> Z v   | XOR2_X1   | 0.220 |   7.589 |    8.478 | 
     | randomize/f_func/p_func/U62  | B v -> ZN ^  | XNOR2_X1  | 0.892 |   8.482 |    9.371 | 
     | randomize/U560               | B ^ -> Z ^   | XOR2_X1   | 0.327 |   8.809 |    9.698 | 
     | randomize/U561               | B2 ^ -> ZN v | AOI22_X1  | 0.108 |   8.917 |    9.806 | 
     | randomize/U566               | A1 v -> ZN ^ | NAND4_X1  | 0.107 |   9.024 |    9.913 | 
     | randomize/data_out_reg_43_   | D ^          | DFF_X1    | 0.000 |   9.024 |    9.913 | 
     +--------------------------------------------------------------------------------------+ 

