###############################################################
#  Generated by:      Cadence Innovus 21.13-s100_1
#  OS:                Linux x86_64(Host ID ic51)
#  Generated on:      Fri Sep 29 15:58:24 2023
#  Design:            top
#  Command:           report_timing > timing.rpt
###############################################################
Path 1: MET Setup Check with Pin randomize/data_out_reg_48_/CK 
Endpoint:   randomize/data_out_reg_48_/D (^) checked with  leading edge of 'CLK'
Beginpoint: sequencer/round_reg_1_/Q     (^) triggered by  leading edge of 'CLK'
Path Groups: {CLK}
Analysis View: generic_view
Other End Arrival Time          0.000
- Setup                         0.087
+ Phase Shift                  10.000
= Required Time                 9.913
- Arrival Time                  9.395
= Slack Time                    0.518
     Clock Rise Edge                 0.000
     + Clock Network Latency (Ideal) 0.000
     = Beginpoint Arrival Time       0.000
     +--------------------------------------------------------------------------------------+ 
     |           Instance           |     Arc      |   Cell    | Delay | Arrival | Required | 
     |                              |              |           |       |  Time   |   Time   | 
     |------------------------------+--------------+-----------+-------+---------+----------| 
     | sequencer/round_reg_1_       | CK ^         |           |       |   0.000 |    0.518 | 
     | sequencer/round_reg_1_       | CK ^ -> Q ^  | DFF_X1    | 0.609 |   0.609 |    1.127 | 
     | randomize/U14                | A ^ -> ZN v  | INV_X1    | 0.219 |   0.828 |    1.346 | 
     | randomize/U38                | A2 v -> ZN ^ | NAND2_X1  | 0.132 |   0.960 |    1.478 | 
     | randomize/U35                | A1 ^ -> ZN v | NOR2_X1   | 0.035 |   0.995 |    1.513 | 
     | randomize/U13                | A1 v -> ZN ^ | NOR2_X1   | 0.123 |   1.118 |    1.636 | 
     | randomize/U54                | A ^ -> ZN v  | INV_X1    | 0.037 |   1.155 |    1.672 | 
     | randomize/U40                | B v -> ZN ^  | AOI211_X1 | 0.272 |   1.427 |    1.945 | 
     | randomize/U41                | B ^ -> ZN v  | AOI211_X1 | 0.088 |   1.515 |    2.033 | 
     | randomize/U62                | A1 v -> ZN ^ | NOR2_X1   | 0.116 |   1.631 |    2.149 | 
     | randomize/U63                | B2 ^ -> ZN v | OAI21_X1  | 0.060 |   1.691 |    2.209 | 
     | randomize/U42                | A v -> ZN ^  | OAI21_X1  | 0.110 |   1.801 |    2.319 | 
     | FE_PDC56_randomize_n47       | A ^ -> Z ^   | BUF_X4    | 0.428 |   2.228 |    2.746 | 
     | FE_PDC55_randomize_n47       | A ^ -> Z ^   | CLKBUF_X2 | 0.506 |   2.734 |    3.252 | 
     | randomize/U5                 | A ^ -> ZN v  | INV_X8    | 0.223 |   2.957 |    3.475 | 
     | randomize/U133               | B2 v -> ZN ^ | AOI22_X1  | 0.543 |   3.500 |    4.018 | 
     | randomize/U134               | A ^ -> ZN v  | INV_X1    | 0.090 |   3.590 |    4.108 | 
     | randomize/U137               | A2 v -> ZN ^ | AOI22_X1  | 0.156 |   3.746 |    4.264 | 
     | randomize/U138               | A1 ^ -> ZN v | NAND2_X1  | 0.064 |   3.810 |    4.328 | 
     | randomize/f_func/U12         | A v -> Z ^   | XOR2_X1   | 0.515 |   4.325 |    4.843 | 
     | randomize/f_func/sbox4b/U33  | A1 ^ -> ZN v | NOR2_X1   | 0.072 |   4.398 |    4.915 | 
     | randomize/f_func/sbox4b/U32  | A v -> ZN ^  | INV_X1    | 0.140 |   4.537 |    5.055 | 
     | randomize/f_func/sbox4b/U34  | A2 ^ -> ZN v | NOR2_X1   | 0.068 |   4.605 |    5.123 | 
     | randomize/f_func/sbox4b/U66  | A v -> ZN ^  | INV_X1    | 0.228 |   4.834 |    5.352 | 
     | randomize/f_func/sbox4b/U103 | A2 ^ -> ZN v | NOR2_X2   | 0.099 |   4.933 |    5.451 | 
     | randomize/f_func/sbox4b/U104 | A4 v -> ZN ^ | NOR4_X1   | 0.458 |   5.391 |    5.909 | 
     | randomize/f_func/sbox4b/U105 | A2 ^ -> ZN v | NAND2_X1  | 0.115 |   5.506 |    6.024 | 
     | randomize/f_func/sbox4b/U114 | A3 v -> ZN ^ | NOR4_X1   | 0.908 |   6.414 |    6.932 | 
     | randomize/f_func/sbox4b/U311 | A1 ^ -> ZN v | NAND3_X1  | 0.197 |   6.611 |    7.129 | 
     | randomize/f_func/sbox4b/U312 | A4 v -> ZN ^ | NOR4_X2   | 0.500 |   7.111 |    7.629 | 
     | randomize/f_func/sbox4b/U386 | A2 ^ -> ZN v | NAND4_X1  | 0.157 |   7.268 |    7.786 | 
     | randomize/f_func/sbox4b/U387 | B2 v -> ZN ^ | AOI22_X1  | 0.201 |   7.470 |    7.988 | 
     | randomize/f_func/sbox4b/U394 | A ^ -> ZN v  | OAI211_X1 | 0.235 |   7.705 |    8.223 | 
     | randomize/f_func/p_func/U82  | A v -> Z ^   | XOR2_X1   | 0.300 |   8.005 |    8.523 | 
     | randomize/f_func/p_func/U85  | B ^ -> Z ^   | XOR2_X1   | 0.286 |   8.291 |    8.809 | 
     | randomize/f_func/p_func/U87  | B ^ -> ZN v  | XNOR2_X1  | 0.090 |   8.382 |    8.900 | 
     | randomize/f_func/p_func/U88  | A v -> ZN ^  | XNOR2_X1  | 0.455 |   8.837 |    9.355 | 
     | randomize/U595               | B ^ -> Z ^   | XOR2_X1   | 0.342 |   9.179 |    9.697 | 
     | randomize/U596               | B2 ^ -> ZN v | AOI22_X1  | 0.112 |   9.290 |    9.808 | 
     | randomize/U601               | A1 v -> ZN ^ | NAND4_X1  | 0.105 |   9.395 |    9.913 | 
     | randomize/data_out_reg_48_   | D ^          | DFF_X1    | 0.000 |   9.395 |    9.913 | 
     +--------------------------------------------------------------------------------------+ 

