###############################################################
#  Generated by:      Cadence Innovus 21.13-s100_1
#  OS:                Linux x86_64(Host ID ic51)
#  Generated on:      Fri Sep 29 16:11:45 2023
#  Design:            top
#  Command:           report_timing > timing.rpt
###############################################################
Path 1: MET Setup Check with Pin randomize/data_out_reg_24_/CK 
Endpoint:   randomize/data_out_reg_24_/D (^) checked with  leading edge of 'CLK'
Beginpoint: sequencer/round_reg_1_/Q     (^) triggered by  leading edge of 'CLK'
Path Groups: {CLK}
Analysis View: generic_view
Other End Arrival Time          0.000
- Setup                         0.087
+ Phase Shift                  10.000
= Required Time                 9.913
- Arrival Time                  8.949
= Slack Time                    0.964
     Clock Rise Edge                 0.000
     + Clock Network Latency (Ideal) 0.000
     = Beginpoint Arrival Time       0.000
     +--------------------------------------------------------------------------------------+ 
     |           Instance           |     Arc      |   Cell    | Delay | Arrival | Required | 
     |                              |              |           |       |  Time   |   Time   | 
     |------------------------------+--------------+-----------+-------+---------+----------| 
     | sequencer/round_reg_1_       | CK ^         |           |       |   0.000 |    0.964 | 
     | sequencer/round_reg_1_       | CK ^ -> Q ^  | DFF_X1    | 0.577 |   0.577 |    1.541 | 
     | randomize/U14                | A ^ -> ZN v  | INV_X1    | 0.268 |   0.845 |    1.808 | 
     | randomize/U38                | A2 v -> ZN ^ | NAND2_X1  | 0.136 |   0.981 |    1.945 | 
     | randomize/U35                | A1 ^ -> ZN v | NOR2_X1   | 0.036 |   1.017 |    1.981 | 
     | randomize/U13                | A1 v -> ZN ^ | NOR2_X1   | 0.135 |   1.151 |    2.115 | 
     | randomize/U51                | A ^ -> ZN v  | OAI21_X1  | 0.082 |   1.233 |    2.197 | 
     | randomize/U41                | C2 v -> ZN ^ | AOI211_X1 | 0.298 |   1.531 |    2.495 | 
     | randomize/U60                | B1 ^ -> ZN v | AOI22_X1  | 0.116 |   1.647 |    2.611 | 
     | randomize/U42                | B1 v -> ZN ^ | OAI21_X1  | 0.492 |   2.139 |    3.102 | 
     | FE_PDC74_randomize_n47       | A ^ -> Z ^   | CLKBUF_X2 | 0.446 |   2.585 |    3.549 | 
     | randomize/U5                 | A ^ -> ZN v  | INV_X8    | 0.181 |   2.765 |    3.729 | 
     | randomize/U135               | B2 v -> ZN ^ | AOI22_X1  | 0.545 |   3.310 |    4.274 | 
     | randomize/U136               | A ^ -> ZN v  | INV_X1    | 0.074 |   3.384 |    4.348 | 
     | randomize/U137               | B1 v -> ZN ^ | AOI22_X1  | 0.171 |   3.556 |    4.520 | 
     | randomize/U138               | A1 ^ -> ZN v | NAND2_X1  | 0.071 |   3.627 |    4.591 | 
     | randomize/f_func/U12         | A v -> Z ^   | XOR2_X1   | 0.488 |   4.114 |    5.078 | 
     | randomize/f_func/sbox4b/U33  | A1 ^ -> ZN v | NOR2_X1   | 0.076 |   4.190 |    5.154 | 
     | randomize/f_func/sbox4b/U32  | A v -> ZN ^  | INV_X1    | 0.138 |   4.328 |    5.291 | 
     | randomize/f_func/sbox4b/U34  | A2 ^ -> ZN v | NOR2_X1   | 0.083 |   4.410 |    5.374 | 
     | randomize/f_func/sbox4b/U66  | A v -> ZN ^  | INV_X1    | 0.214 |   4.624 |    5.588 | 
     | randomize/f_func/sbox4b/U103 | A2 ^ -> ZN v | NOR2_X2   | 0.106 |   4.730 |    5.694 | 
     | randomize/f_func/sbox4b/U104 | A4 v -> ZN ^ | NOR4_X1   | 0.428 |   5.158 |    6.122 | 
     | randomize/f_func/sbox4b/U105 | A2 ^ -> ZN v | NAND2_X1  | 0.112 |   5.270 |    6.234 | 
     | randomize/f_func/sbox4b/U114 | A3 v -> ZN ^ | NOR4_X1   | 0.734 |   6.004 |    6.968 | 
     | randomize/f_func/sbox4b/U311 | A1 ^ -> ZN v | NAND3_X1  | 0.183 |   6.187 |    7.151 | 
     | randomize/f_func/sbox4b/U312 | A4 v -> ZN ^ | NOR4_X2   | 0.532 |   6.719 |    7.683 | 
     | randomize/f_func/sbox4b/U386 | A2 ^ -> ZN v | NAND4_X1  | 0.147 |   6.866 |    7.830 | 
     | randomize/f_func/sbox4b/U387 | B2 v -> ZN ^ | AOI22_X1  | 0.224 |   7.090 |    8.054 | 
     | randomize/f_func/sbox4b/U394 | A ^ -> ZN v  | OAI211_X1 | 0.221 |   7.311 |    8.275 | 
     | randomize/f_func/p_func/U82  | A v -> Z ^   | XOR2_X1   | 0.289 |   7.600 |    8.564 | 
     | randomize/f_func/p_func/U92  | B ^ -> ZN v  | XNOR2_X1  | 0.100 |   7.700 |    8.664 | 
     | randomize/f_func/p_func/U93  | A v -> ZN ^  | XNOR2_X1  | 0.631 |   8.331 |    9.295 | 
     | randomize/U896               | B ^ -> Z ^   | XOR2_X1   | 0.395 |   8.726 |    9.690 | 
     | randomize/U1290              | B2 ^ -> ZN v | AOI22_X1  | 0.113 |   8.839 |    9.803 | 
     | randomize/U1295              | A1 v -> ZN ^ | NAND4_X1  | 0.110 |   8.949 |    9.913 | 
     | randomize/data_out_reg_24_   | D ^          | DFF_X1    | 0.000 |   8.949 |    9.913 | 
     +--------------------------------------------------------------------------------------+ 

