###############################################################
#  Generated by:      Cadence Innovus 21.13-s100_1
#  OS:                Linux x86_64(Host ID ic51)
#  Generated on:      Fri Sep 29 16:16:43 2023
#  Design:            top
#  Command:           report_timing > timing.rpt
###############################################################
Path 1: MET Setup Check with Pin randomize/data_out_reg_37_/CK 
Endpoint:   randomize/data_out_reg_37_/D (^) checked with  leading edge of 'CLK'
Beginpoint: sequencer/round_reg_1_/Q     (^) triggered by  leading edge of 'CLK'
Path Groups: {CLK}
Analysis View: generic_view
Other End Arrival Time          0.000
- Setup                         0.086
+ Phase Shift                  10.000
= Required Time                 9.914
- Arrival Time                  9.288
= Slack Time                    0.627
     Clock Rise Edge                 0.000
     + Clock Network Latency (Ideal) 0.000
     = Beginpoint Arrival Time       0.000
     +--------------------------------------------------------------------------------------+ 
     |           Instance           |     Arc      |   Cell    | Delay | Arrival | Required | 
     |                              |              |           |       |  Time   |   Time   | 
     |------------------------------+--------------+-----------+-------+---------+----------| 
     | sequencer/round_reg_1_       | CK ^         |           |       |   0.000 |    0.627 | 
     | sequencer/round_reg_1_       | CK ^ -> Q ^  | DFF_X1    | 0.575 |   0.575 |    1.202 | 
     | randomize/U14                | A ^ -> ZN v  | INV_X1    | 0.215 |   0.790 |    1.416 | 
     | randomize/U38                | A2 v -> ZN ^ | NAND2_X1  | 0.134 |   0.924 |    1.550 | 
     | randomize/U35                | A1 ^ -> ZN v | NOR2_X1   | 0.035 |   0.959 |    1.585 | 
     | randomize/U13                | A1 v -> ZN ^ | NOR2_X1   | 0.122 |   1.080 |    1.707 | 
     | randomize/U54                | A ^ -> ZN v  | INV_X1    | 0.036 |   1.117 |    1.743 | 
     | randomize/U40                | B v -> ZN ^  | AOI211_X1 | 0.258 |   1.375 |    2.001 | 
     | randomize/U41                | B ^ -> ZN v  | AOI211_X1 | 0.087 |   1.461 |    2.088 | 
     | randomize/U62                | A1 v -> ZN ^ | NOR2_X1   | 0.126 |   1.587 |    2.213 | 
     | randomize/U63                | B2 ^ -> ZN v | OAI21_X1  | 0.061 |   1.647 |    2.274 | 
     | randomize/U42                | A v -> ZN ^  | OAI21_X1  | 0.111 |   1.758 |    2.385 | 
     | FE_PDC53_randomize_n47       | A ^ -> Z ^   | CLKBUF_X3 | 0.485 |   2.243 |    2.870 | 
     | FE_PDC52_randomize_n47       | A ^ -> Z ^   | BUF_X4    | 0.477 |   2.720 |    3.346 | 
     | randomize/U5                 | A ^ -> ZN v  | INV_X1    | 0.106 |   2.826 |    3.453 | 
     | FE_PDC80_randomize_n110      | A v -> Z v   | CLKBUF_X3 | 0.292 |   3.118 |    3.745 | 
     | FE_PDC77_randomize_n110      | A v -> ZN ^  | INV_X2    | 0.134 |   3.252 |    3.879 | 
     | FE_PDC72_randomize_n110      | A ^ -> ZN v  | INV_X2    | 0.069 |   3.321 |    3.948 | 
     | FE_PDC64_randomize_n110      | A v -> ZN ^  | INV_X1    | 0.053 |   3.375 |    4.001 | 
     | FE_PDC60_randomize_n110      | A ^ -> ZN v  | INV_X1    | 0.028 |   3.402 |    4.029 | 
     | randomize/U154               | B2 v -> ZN ^ | AOI22_X1  | 0.355 |   3.758 |    4.384 | 
     | randomize/U155               | A ^ -> ZN v  | INV_X1    | 0.066 |   3.824 |    4.451 | 
     | randomize/U156               | B1 v -> ZN ^ | AOI22_X1  | 0.168 |   3.992 |    4.619 | 
     | randomize/U157               | A1 ^ -> ZN v | NAND2_X1  | 0.063 |   4.055 |    4.682 | 
     | randomize/f_func/U3          | A v -> Z ^   | XOR2_X1   | 0.318 |   4.374 |    5.000 | 
     | randomize/f_func/sbox4b/U5   | A ^ -> ZN v  | INV_X1    | 0.112 |   4.486 |    5.112 | 
     | randomize/f_func/sbox4b/U25  | A3 v -> ZN ^ | NAND3_X1  | 0.258 |   4.744 |    5.370 | 
     | randomize/f_func/sbox4b/U189 | A2 ^ -> ZN v | NOR2_X1   | 0.121 |   4.865 |    5.491 | 
     | randomize/f_func/sbox4b/U213 | A v -> ZN ^  | INV_X1    | 0.135 |   5.000 |    5.626 | 
     | randomize/f_func/sbox4b/U214 | A ^ -> ZN v  | OAI21_X1  | 0.083 |   5.083 |    5.709 | 
     | randomize/f_func/sbox4b/U239 | A1 v -> ZN ^ | NOR3_X1   | 0.890 |   5.973 |    6.599 | 
     | randomize/f_func/sbox4b/U240 | A ^ -> ZN v  | INV_X1    | 0.033 |   6.006 |    6.632 | 
     | randomize/f_func/sbox4b/U241 | A4 v -> ZN ^ | NOR4_X1   | 0.355 |   6.361 |    6.987 | 
     | randomize/f_func/sbox4b/U243 | A3 ^ -> ZN v | NAND4_X1  | 0.214 |   6.574 |    7.201 | 
     | randomize/f_func/sbox4b/U245 | A3 v -> ZN ^ | NOR4_X1   | 0.367 |   6.941 |    7.568 | 
     | randomize/f_func/sbox4b/U247 | A2 ^ -> ZN v | NAND4_X1  | 0.136 |   7.077 |    7.704 | 
     | randomize/f_func/sbox4b/U261 | A2 v -> ZN ^ | AOI22_X1  | 0.217 |   7.294 |    7.921 | 
     | randomize/f_func/sbox4b/U269 | A ^ -> ZN v  | OAI211_X2 | 0.139 |   7.434 |    8.060 | 
     | randomize/f_func/p_func/U38  | B v -> Z ^   | XOR2_X1   | 0.246 |   7.680 |    8.307 | 
     | randomize/f_func/p_func/U50  | A ^ -> ZN v  | XNOR2_X1  | 0.106 |   7.786 |    8.412 | 
     | randomize/f_func/p_func/U51  | B v -> ZN ^  | XNOR2_X1  | 0.916 |   8.702 |    9.328 | 
     | randomize/U518               | B ^ -> Z ^   | XOR2_X1   | 0.366 |   9.068 |    9.695 | 
     | randomize/U519               | B2 ^ -> ZN v | AOI22_X1  | 0.116 |   9.184 |    9.810 | 
     | randomize/U524               | A1 v -> ZN ^ | NAND4_X1  | 0.104 |   9.288 |    9.914 | 
     | randomize/data_out_reg_37_   | D ^          | DFF_X1    | 0.000 |   9.288 |    9.914 | 
     +--------------------------------------------------------------------------------------+ 

