#-check_same_via_cell true               # bool, default=false, user setting
 *** Starting Verify DRC (MEM: 2900.0) ***

  VERIFY DRC ...... Starting Verification
  VERIFY DRC ...... Initializing
  VERIFY DRC ...... Deleting Existing Violations
  VERIFY DRC ...... Creating Sub-Areas
**WARN: (IMPVFG-1198):	The number of CPUs requested 8 is larger than that verify_drc used 4. In Multithreading mode, the number of CPUs verify_drc used is not larger than the number of subareas.
 Use 'setMultiCpuUsage -localCpu' to specify the less cup number if the verify area is not large.
  VERIFY DRC ...... Using new threading
 VERIFY DRC ...... Sub-Area: {0.000 0.000 58.320 58.320} 1 of 4  Thread : 1
 VERIFY DRC ...... Sub-Area: {58.320 0.000 114.950 58.320} 2 of 4  Thread : 1
 VERIFY DRC ...... Sub-Area: {0.000 58.320 58.320 114.520} 3 of 4  Thread : 1
 VERIFY DRC ...... Thread : 0 finished.
 VERIFY DRC ...... Sub-Area: {58.320 58.320 114.950 114.520} 4 of 4  Thread : 1
 VERIFY DRC ...... Thread : 1 finished.

  Verification Complete : 10 Viols.

 Violation Summary By Layer and Type:

	          Short   Totals
	metal2        2        2
	metal3        7        7
	metal6        1        1
	Totals       10       10

 *** End Verify DRC (CPU: 0:00:01.0  ELAPSED TIME: 1.00  MEM: 256.1M) ***

