###############################################################
#  Generated by:      Cadence Innovus 21.13-s100_1
#  OS:                Linux x86_64(Host ID ic51)
#  Generated on:      Fri Sep 29 16:30:28 2023
#  Design:            top
#  Command:           report_timing > timing.rpt
###############################################################
Path 1: MET Setup Check with Pin randomize/data_out_reg_116_/CK 
Endpoint:   randomize/data_out_reg_116_/D (^) checked with  leading edge of 
'CLK'
Beginpoint: sequencer/round_reg_1_/Q      (^) triggered by  leading edge of 
'CLK'
Path Groups: {CLK}
Analysis View: generic_view
Other End Arrival Time          0.000
- Setup                         0.087
+ Phase Shift                  10.000
= Required Time                 9.913
- Arrival Time                  8.976
= Slack Time                    0.937
     Clock Rise Edge                 0.000
     + Clock Network Latency (Ideal) 0.000
     = Beginpoint Arrival Time       0.000
     +--------------------------------------------------------------------------------------+ 
     |           Instance           |     Arc      |   Cell    | Delay | Arrival | Required | 
     |                              |              |           |       |  Time   |   Time   | 
     |------------------------------+--------------+-----------+-------+---------+----------| 
     | sequencer/round_reg_1_       | CK ^         |           |       |   0.000 |    0.937 | 
     | sequencer/round_reg_1_       | CK ^ -> Q ^  | DFF_X1    | 0.564 |   0.564 |    1.501 | 
     | randomize/U14                | A ^ -> ZN v  | INV_X1    | 0.222 |   0.786 |    1.723 | 
     | randomize/U38                | A2 v -> ZN ^ | NAND2_X1  | 0.129 |   0.915 |    1.852 | 
     | randomize/U35                | A1 ^ -> ZN v | NOR2_X1   | 0.034 |   0.948 |    1.886 | 
     | randomize/U13                | A1 v -> ZN ^ | NOR2_X1   | 0.124 |   1.073 |    2.010 | 
     | randomize/U51                | A ^ -> ZN v  | OAI21_X1  | 0.079 |   1.151 |    2.089 | 
     | randomize/U41                | C2 v -> ZN ^ | AOI211_X1 | 0.287 |   1.438 |    2.376 | 
     | randomize/U60                | B1 ^ -> ZN v | AOI22_X1  | 0.129 |   1.567 |    2.504 | 
     | randomize/U42                | B1 v -> ZN ^ | OAI21_X2  | 0.338 |   1.905 |    2.843 | 
     | FE_PDC70_randomize_n47       | A ^ -> Z ^   | BUF_X2    | 0.424 |   2.329 |    3.267 | 
     | FE_PDC77_randomize_n47       | A ^ -> Z ^   | CLKBUF_X3 | 0.332 |   2.661 |    3.598 | 
     | randomize/U380               | A2 ^ -> ZN v | AOI22_X1  | 0.120 |   2.781 |    3.719 | 
     | randomize/U381               | A v -> ZN ^  | INV_X1    | 0.149 |   2.930 |    3.867 | 
     | randomize/U383               | B2 ^ -> ZN v | AOI21_X1  | 0.059 |   2.989 |    3.926 | 
     | randomize/U384               | A v -> ZN ^  | OAI21_X1  | 0.104 |   3.093 |    4.030 | 
     | randomize/f_func/U23         | A ^ -> Z ^   | XOR2_X1   | 0.740 |   3.832 |    4.770 | 
     | randomize/f_func/sbox2a/U28  | A ^ -> ZN v  | INV_X1    | 0.131 |   3.964 |    4.901 | 
     | randomize/f_func/sbox2a/U52  | A2 v -> ZN ^ | NAND2_X1  | 0.316 |   4.280 |    5.217 | 
     | randomize/f_func/sbox2a/U70  | A ^ -> ZN v  | INV_X1    | 0.097 |   4.377 |    5.315 | 
     | randomize/f_func/sbox2a/U91  | A1 v -> ZN ^ | NAND2_X1  | 0.170 |   4.548 |    5.485 | 
     | randomize/f_func/sbox2a/U163 | A ^ -> ZN v  | INV_X1    | 0.060 |   4.608 |    5.545 | 
     | randomize/f_func/sbox2a/U301 | A4 v -> ZN ^ | NOR4_X1   | 0.937 |   5.545 |    6.483 | 
     | randomize/f_func/sbox2a/U302 | A4 ^ -> ZN v | NAND4_X1  | 0.185 |   5.730 |    6.667 | 
     | randomize/f_func/sbox2a/U303 | A4 v -> ZN ^ | NOR4_X2   | 0.687 |   6.417 |    7.354 | 
     | randomize/f_func/sbox2a/U305 | A3 ^ -> ZN v | NAND4_X1  | 0.242 |   6.659 |    7.597 | 
     | randomize/f_func/sbox2a/U312 | A2 v -> ZN ^ | AOI22_X1  | 0.183 |   6.842 |    7.780 | 
     | randomize/f_func/sbox2a/U319 | A ^ -> ZN v  | OAI211_X1 | 0.179 |   7.022 |    7.959 | 
     | randomize/f_func/p_func/U100 | B v -> ZN ^  | XNOR2_X1  | 0.308 |   7.330 |    8.267 | 
     | randomize/f_func/p_func/U103 | B ^ -> ZN ^  | XNOR2_X1  | 0.207 |   7.537 |    8.474 | 
     | randomize/f_func/p_func/U105 | B ^ -> ZN v  | XNOR2_X1  | 0.092 |   7.629 |    8.566 | 
     | randomize/f_func/p_func/U106 | A v -> ZN ^  | XNOR2_X1  | 0.729 |   8.358 |    9.295 | 
     | randomize/U623               | B ^ -> Z ^   | XOR2_X1   | 0.400 |   8.758 |    9.695 | 
     | randomize/U1079              | A2 ^ -> ZN v | AOI22_X1  | 0.100 |   8.857 |    9.795 | 
     | randomize/U1082              | A2 v -> ZN ^ | NAND4_X1  | 0.119 |   8.976 |    9.913 | 
     | randomize/data_out_reg_116_  | D ^          | DFF_X1    | 0.000 |   8.976 |    9.913 | 
     +--------------------------------------------------------------------------------------+ 

