###############################################################
#  Generated by:      Cadence Innovus 21.13-s100_1
#  OS:                Linux x86_64(Host ID ic51)
#  Generated on:      Fri Sep 29 16:36:59 2023
#  Design:            top
#  Command:           report_timing > timing.rpt
###############################################################
Path 1: MET Setup Check with Pin randomize/data_out_reg_48_/CK 
Endpoint:   randomize/data_out_reg_48_/D (^) checked with  leading edge of 'CLK'
Beginpoint: sequencer/round_reg_1_/Q     (^) triggered by  leading edge of 'CLK'
Path Groups: {CLK}
Analysis View: generic_view
Other End Arrival Time          0.000
- Setup                         0.086
+ Phase Shift                  10.000
= Required Time                 9.914
- Arrival Time                  9.190
= Slack Time                    0.723
     Clock Rise Edge                 0.000
     + Clock Network Latency (Ideal) 0.000
     = Beginpoint Arrival Time       0.000
     +--------------------------------------------------------------------------------------+ 
     |           Instance           |     Arc      |   Cell    | Delay | Arrival | Required | 
     |                              |              |           |       |  Time   |   Time   | 
     |------------------------------+--------------+-----------+-------+---------+----------| 
     | sequencer/round_reg_1_       | CK ^         |           |       |   0.000 |    0.723 | 
     | sequencer/round_reg_1_       | CK ^ -> Q ^  | DFF_X1    | 0.552 |   0.552 |    1.275 | 
     | randomize/U14                | A ^ -> ZN v  | INV_X1    | 0.212 |   0.764 |    1.487 | 
     | randomize/U38                | A2 v -> ZN ^ | NAND2_X1  | 0.127 |   0.891 |    1.614 | 
     | randomize/U35                | A1 ^ -> ZN v | NOR2_X1   | 0.034 |   0.925 |    1.648 | 
     | randomize/U13                | A1 v -> ZN ^ | NOR2_X1   | 0.126 |   1.051 |    1.774 | 
     | randomize/U51                | A ^ -> ZN v  | OAI21_X1  | 0.079 |   1.129 |    1.853 | 
     | randomize/U41                | C2 v -> ZN ^ | AOI211_X1 | 0.268 |   1.397 |    2.120 | 
     | randomize/U60                | B1 ^ -> ZN v | AOI22_X1  | 0.113 |   1.510 |    2.234 | 
     | randomize/U42                | B1 v -> ZN ^ | OAI21_X1  | 0.484 |   1.994 |    2.718 | 
     | FE_PDC72_randomize_n47       | A ^ -> Z ^   | BUF_X4    | 0.498 |   2.492 |    3.215 | 
     | FE_PDC71_randomize_n47       | A ^ -> Z ^   | CLKBUF_X2 | 0.458 |   2.950 |    3.673 | 
     | randomize/U275               | A2 ^ -> ZN v | AOI22_X1  | 0.159 |   3.108 |    3.832 | 
     | randomize/U276               | A v -> ZN ^  | INV_X1    | 0.101 |   3.210 |    3.933 | 
     | randomize/U278               | B1 ^ -> ZN v | AOI21_X1  | 0.047 |   3.257 |    3.981 | 
     | randomize/U279               | A v -> ZN ^  | OAI21_X1  | 0.114 |   3.371 |    4.094 | 
     | randomize/f_func/U39         | A ^ -> Z ^   | XOR2_X1   | 0.645 |   4.016 |    4.739 | 
     | randomize/f_func/sbox4a/U33  | A2 ^ -> ZN v | NOR2_X1   | 0.084 |   4.100 |    4.823 | 
     | randomize/f_func/sbox4a/U32  | A v -> ZN ^  | INV_X1    | 0.118 |   4.217 |    4.941 | 
     | randomize/f_func/sbox4a/U34  | A2 ^ -> ZN v | NOR2_X1   | 0.065 |   4.282 |    5.005 | 
     | randomize/f_func/sbox4a/U66  | A v -> ZN ^  | INV_X1    | 0.218 |   4.500 |    5.223 | 
     | randomize/f_func/sbox4a/U103 | A2 ^ -> ZN v | NOR2_X2   | 0.105 |   4.605 |    5.328 | 
     | randomize/f_func/sbox4a/U104 | A4 v -> ZN ^ | NOR4_X1   | 0.435 |   5.040 |    5.763 | 
     | randomize/f_func/sbox4a/U105 | A2 ^ -> ZN v | NAND2_X1  | 0.116 |   5.156 |    5.879 | 
     | randomize/f_func/sbox4a/U114 | A3 v -> ZN ^ | NOR4_X1   | 0.840 |   5.995 |    6.719 | 
     | randomize/f_func/sbox4a/U311 | A1 ^ -> ZN v | NAND3_X1  | 0.127 |   6.122 |    6.846 | 
     | randomize/f_func/sbox4a/U312 | A4 v -> ZN ^ | NOR4_X1   | 0.754 |   6.876 |    7.600 | 
     | randomize/f_func/sbox4a/U386 | A2 ^ -> ZN v | NAND4_X1  | 0.174 |   7.050 |    7.774 | 
     | randomize/f_func/sbox4a/U387 | B2 v -> ZN ^ | AOI22_X1  | 0.264 |   7.314 |    8.038 | 
     | randomize/f_func/sbox4a/U394 | A ^ -> ZN v  | OAI211_X2 | 0.149 |   7.463 |    8.187 | 
     | randomize/f_func/p_func/U67  | A v -> Z ^   | XOR2_X1   | 0.267 |   7.730 |    8.453 | 
     | randomize/f_func/p_func/U85  | A ^ -> Z ^   | XOR2_X1   | 0.291 |   8.021 |    8.745 | 
     | randomize/f_func/p_func/U87  | B ^ -> ZN v  | XNOR2_X1  | 0.092 |   8.113 |    8.837 | 
     | randomize/f_func/p_func/U88  | A v -> ZN ^  | XNOR2_X1  | 0.526 |   8.639 |    9.362 | 
     | randomize/U595               | B ^ -> Z ^   | XOR2_X1   | 0.342 |   8.981 |    9.704 | 
     | randomize/U596               | B2 ^ -> ZN v | AOI22_X1  | 0.107 |   9.088 |    9.811 | 
     | randomize/U601               | A1 v -> ZN ^ | NAND4_X1  | 0.103 |   9.190 |    9.914 | 
     | randomize/data_out_reg_48_   | D ^          | DFF_X1    | 0.000 |   9.190 |    9.914 | 
     +--------------------------------------------------------------------------------------+ 

