###############################################################
#  Generated by:      Cadence Innovus 21.13-s100_1
#  OS:                Linux x86_64(Host ID ic51)
#  Generated on:      Tue Oct  3 14:06:47 2023
#  Design:            top
#  Command:           report_timing > timing.rpt
###############################################################
Path 1: VIOLATED Setup Check with Pin randomize/data_out_reg_51_/CK 
Endpoint:   randomize/data_out_reg_51_/D (v) checked with  leading edge of 'CLK'
Beginpoint: sequencer/round_reg_2_/Q     (^) triggered by  leading edge of 'CLK'
Path Groups: {CLK}
Analysis View: generic_view
Other End Arrival Time          0.000
- Setup                         0.172
+ Phase Shift                   6.800
= Required Time                 6.628
- Arrival Time                  6.646
= Slack Time                   -0.017
     Clock Rise Edge                 0.000
     + Clock Network Latency (Ideal) 0.000
     = Beginpoint Arrival Time       0.000
     +--------------------------------------------------------------------------------------+ 
     |           Instance           |     Arc      |   Cell    | Delay | Arrival | Required | 
     |                              |              |           |       |  Time   |   Time   | 
     |------------------------------+--------------+-----------+-------+---------+----------| 
     | sequencer/round_reg_2_       | CK ^         |           |       |   0.000 |   -0.017 | 
     | sequencer/round_reg_2_       | CK ^ -> Q ^  | DFF_X1    | 0.388 |   0.388 |    0.371 | 
     | randomize/U38                | A1 ^ -> ZN v | NAND2_X2  | 0.063 |   0.452 |    0.434 | 
     | randomize/U35                | A1 v -> ZN ^ | NOR2_X1   | 0.128 |   0.580 |    0.563 | 
     | randomize/U13                | A1 ^ -> ZN v | NOR2_X2   | 0.041 |   0.621 |    0.604 | 
     | randomize/U54                | A v -> ZN ^  | INV_X1    | 0.058 |   0.679 |    0.662 | 
     | randomize/U40                | B ^ -> ZN v  | AOI211_X1 | 0.033 |   0.712 |    0.694 | 
     | randomize/U41                | B v -> ZN ^  | AOI211_X1 | 0.335 |   1.047 |    1.030 | 
     | randomize/U62                | A1 ^ -> ZN v | NOR2_X1   | 0.047 |   1.094 |    1.077 | 
     | randomize/U63                | B2 v -> ZN ^ | OAI21_X1  | 0.167 |   1.261 |    1.244 | 
     | randomize/U42                | A ^ -> ZN v  | OAI21_X2  | 0.112 |   1.374 |    1.356 | 
     | FE_PDC59_randomize_n47       | A v -> Z v   | BUF_X8    | 0.158 |   1.531 |    1.514 | 
     | FE_PDC85_randomize_n47       | A v -> Z v   | BUF_X32   | 0.086 |   1.618 |    1.601 | 
     | FE_PDC74_randomize_n47       | A v -> Z v   | BUF_X16   | 0.090 |   1.707 |    1.690 | 
     | randomize/U5                 | A v -> ZN ^  | INV_X16   | 0.119 |   1.826 |    1.809 | 
     | randomize/U139               | B2 ^ -> ZN v | AOI22_X2  | 0.256 |   2.082 |    2.065 | 
     | randomize/U140               | A v -> ZN ^  | INV_X1    | 0.125 |   2.208 |    2.191 | 
     | randomize/U143               | A2 ^ -> ZN v | AOI22_X1  | 0.062 |   2.270 |    2.253 | 
     | randomize/U144               | A1 v -> ZN ^ | NAND2_X1  | 0.127 |   2.397 |    2.380 | 
     | randomize/f_func/U56         | A ^ -> Z ^   | XOR2_X2   | 0.377 |   2.774 |    2.757 | 
     | randomize/f_func/sbox4b/U59  | A ^ -> ZN v  | INV_X1    | 0.082 |   2.856 |    2.839 | 
     | randomize/f_func/sbox4b/U36  | A2 v -> ZN ^ | NAND2_X1  | 0.123 |   2.979 |    2.962 | 
     | randomize/f_func/sbox4b/U37  | A2 ^ -> ZN v | NOR2_X1   | 0.074 |   3.053 |    3.036 | 
     | randomize/f_func/sbox4b/U38  | A2 v -> ZN ^ | NAND2_X1  | 0.154 |   3.207 |    3.190 | 
     | randomize/f_func/sbox4b/U228 | A ^ -> ZN v  | INV_X1    | 0.059 |   3.267 |    3.250 | 
     | randomize/f_func/sbox4b/U229 | A2 v -> ZN v | OR4_X1    | 0.437 |   3.704 |    3.687 | 
     | randomize/f_func/sbox4b/U297 | A3 v -> ZN v | OR3_X1    | 0.361 |   4.065 |    4.047 | 
     | randomize/f_func/sbox4b/U298 | A3 v -> ZN ^ | NOR3_X1   | 0.302 |   4.367 |    4.350 | 
     | randomize/f_func/sbox4b/U325 | A3 ^ -> ZN v | NAND4_X1  | 0.158 |   4.525 |    4.508 | 
     | randomize/f_func/sbox4b/U326 | A4 v -> ZN ^ | NOR4_X2   | 0.353 |   4.879 |    4.861 | 
     | randomize/f_func/sbox4b/U330 | A1 ^ -> ZN v | OAI22_X1  | 0.087 |   4.966 |    4.948 | 
     | randomize/f_func/sbox4b/U331 | A v -> ZN ^  | AOI21_X1  | 0.163 |   5.129 |    5.112 | 
     | randomize/f_func/sbox4b/U332 | A ^ -> ZN v  | OAI221_X4 | 0.240 |   5.369 |    5.352 | 
     | randomize/f_func/p_func/U31  | A v -> Z v   | XOR2_X1   | 0.217 |   5.587 |    5.569 | 
     | randomize/f_func/p_func/U34  | B v -> Z v   | XOR2_X2   | 0.225 |   5.811 |    5.794 | 
     | randomize/f_func/p_func/U36  | B v -> ZN ^  | XNOR2_X1  | 0.193 |   6.005 |    5.987 | 
     | randomize/f_func/p_func/U37  | A ^ -> ZN v  | XNOR2_X2  | 0.100 |   6.104 |    6.087 | 
     | randomize/U616               | B v -> Z v   | XOR2_X1   | 0.259 |   6.363 |    6.346 | 
     | randomize/U617               | B2 v -> ZN ^ | AOI22_X1  | 0.195 |   6.558 |    6.541 | 
     | randomize/U622               | A1 ^ -> ZN v | NAND4_X1  | 0.088 |   6.646 |    6.628 | 
     | randomize/data_out_reg_51_   | D v          | DFF_X1    | 0.000 |   6.646 |    6.628 | 
     +--------------------------------------------------------------------------------------+ 

